The Dart VM service is listening on http://127.0.0.1:43397/9EXEH82PAGE=/
The Dart DevTools debugger and profiler is available at: http://127.0.0.1:43397/9EXEH82PAGE=/devtools?uri=ws://127.0.0.1:43397/9EXEH82PAGE=/ws
[custom_lint] 2024-01-10T11:04:05.098285 lib/custom_lint_client.dart:4:8: Error: Error when reading '/home/david/projects/dart/dart_beacon/state_beacon_lint/lib/state_beacon_lint.dart': No such file or directory
[custom_lint] 2024-01-10T11:04:05.098285 import 'package:state_beacon_lint/state_beacon_lint.dart' as state_beacon_lint;
[custom_lint] 2024-01-10T11:04:05.098285        ^
[custom_lint] 2024-01-10T11:04:05.098285 lib/custom_lint_client.dart:15:45: Error: Undefined name 'createPlugin'.
[custom_lint] 2024-01-10T11:04:05.098285     {'state_beacon_lint': state_beacon_lint.createPlugin,
[custom_lint] 2024-01-10T11:04:05.098285                                             ^^^^^^^^^^^^
[custom_lint] 2024-01-10T11:04:05.098285
[custom_lint] 2024-01-10T11:04:05.098285
Failed to start pluginsThe request analysis.setContextRoots failed with the following error:
RequestErrorCode.PLUGIN_ERROR
Bad state: Failed to start the plugins.
at:
#0      SocketCustomLintServerToClientChannel._checkInitializationFail.<anonymous closure> (package:custom_lint/src/v2/server_to_client_channel.dart:231:11)
<asynchronous suspension>
#1      Future.any.onValue (dart:async/future.dart:613:5)
<asynchronous suspension>

The Dart VM service is listening on http://127.0.0.1:43049/suZRVDo20xU=/
The Dart DevTools debugger and profiler is available at: http://127.0.0.1:43049/suZRVDo20xU=/devtools?uri=ws://127.0.0.1:43049/suZRVDo20xU=/ws
[avoid_value_access_after_await] 2024-01-10T11:06:34.992967 BeaconValueVisitor{node: []}
[avoid_value_access_after_await] 2024-01-10T11:06:34.993627 isAccess: ageBeacon.value type: AccessType.value
[avoid_value_access_after_await] 2024-01-10T11:06:34.993777 isAccess: ageBeacon.value type: AccessType.value
[avoid_value_access_after_await] 2024-01-10T11:06:34.993894 isAccess: ageBeacon.value type: AccessType.value
[avoid_value_access_after_await] 2024-01-10T11:06:34.994034 name: toFuture() - type : AccessType.toFuture
[avoid_value_access_after_await] 2024-01-10T11:06:34.994165 ageBeacon() type: AccessType.call
[avoid_value_access_after_await] 2024-01-10T11:06:34.994279 isAccess: ageBeacon.value type: AccessType.value
[avoid_value_access_after_await] 2024-01-10T11:06:34.994385 name: call() - type : AccessType.call
[avoid_value_access_after_await] 2024-01-10T11:06:34.997249 BeaconValueVisitor{node: [Report{node: ageBeacon.value, type: NodeType.beaconExpr 
[avoid_value_access_after_await] 2024-01-10T11:06:34.997249 , Report{node: ageBeacon.value, type: NodeType.beaconExpr 
[avoid_value_access_after_await] 2024-01-10T11:06:34.997249 , Report{node: ageBeacon.value, type: NodeType.beaconExpr 
[avoid_value_access_after_await] 2024-01-10T11:06:34.997249 , Report{node: final name = await nameFB.toFuture();, type: NodeType.awaitExpr 
[avoid_value_access_after_await] 2024-01-10T11:06:34.997249 , Report{node: nameFB.toFuture(), type: NodeType.beaconExpr 
[avoid_value_access_after_await] 2024-01-10T11:06:34.997249 , Report{node: await Future<void>.delayed(k10ms);, type: NodeType.awaitExpr 
[avoid_value_access_after_await] 2024-01-10T11:06:34.997249 , Report{node: await Future<void>.delayed(k10ms * ageBeacon() * ageBeacon.value * ageBeacon.call());, type: NodeType.awaitExpr 
[avoid_value_access_after_await] 2024-01-10T11:06:34.997249 , Report{node: ageBeacon(), type: NodeType.beaconExpr 
[avoid_value_access_after_await] 2024-01-10T11:06:34.997249 , Report{node: ageBeacon.value, type: NodeType.beaconExpr 
[avoid_value_access_after_await] 2024-01-10T11:06:34.997249 , Report{node: ageBeacon.call(), type: NodeType.beaconExpr 
[avoid_value_access_after_await] 2024-01-10T11:06:34.997249 ]}
[avoid_value_access_after_await] 2024-01-10T11:06:34.997411 isAccess: speedBeacon.value type: AccessType.value
[avoid_value_access_after_await] 2024-01-10T11:06:34.997510 BeaconValueVisitor{node: [Report{node: await Future<void>.delayed(k10ms);, type: NodeType.awaitExpr 
[avoid_value_access_after_await] 2024-01-10T11:06:34.997510 , Report{node: speedBeacon.value, type: NodeType.beaconExpr 
[avoid_value_access_after_await] 2024-01-10T11:06:34.997510 ]}
[avoid_value_access_after_await] 2024-01-10T11:07:46.769087 BeaconValueVisitor{node: []}
[avoid_value_access_after_await] 2024-01-10T11:07:46.769431 isAccess: ageBeacon.value type: AccessType.value
[avoid_value_access_after_await] 2024-01-10T11:07:46.769597 isAccess: ageBeacon.value type: AccessType.value
[avoid_value_access_after_await] 2024-01-10T11:07:46.769716 isAccess: ageBeacon.value type: AccessType.value
[avoid_value_access_after_await] 2024-01-10T11:07:46.769868 name: toFuture() - type : AccessType.toFuture
[avoid_value_access_after_await] 2024-01-10T11:07:46.770119 ageBeacon() type: AccessType.call
[avoid_value_access_after_await] 2024-01-10T11:07:46.770237 isAccess: ageBeacon.value type: AccessType.value
[avoid_value_access_after_await] 2024-01-10T11:07:46.770467 name: call() - type : AccessType.call
[avoid_value_access_after_await] 2024-01-10T11:07:46.770590 BeaconValueVisitor{node: [Report{node: ageBeacon.value, type: NodeType.beaconExpr 
[avoid_value_access_after_await] 2024-01-10T11:07:46.770590 , Report{node: ageBeacon.value, type: NodeType.beaconExpr 
[avoid_value_access_after_await] 2024-01-10T11:07:46.770590 , Report{node: ageBeacon.value, type: NodeType.beaconExpr 
[avoid_value_access_after_await] 2024-01-10T11:07:46.770590 , Report{node: final name = await nameFB.toFuture();, type: NodeType.awaitExpr 
[avoid_value_access_after_await] 2024-01-10T11:07:46.770590 , Report{node: nameFB.toFuture(), type: NodeType.beaconExpr 
[avoid_value_access_after_await] 2024-01-10T11:07:46.770590 , Report{node: await Future<void>.delayed(k10ms);, type: NodeType.awaitExpr 
[avoid_value_access_after_await] 2024-01-10T11:07:46.770590 , Report{node: await Future<void>.delayed(k10ms * ageBeacon() * ageBeacon.value * ageBeacon.call());, type: NodeType.awaitExpr 
[avoid_value_access_after_await] 2024-01-10T11:07:46.770590 , Report{node: ageBeacon(), type: NodeType.beaconExpr 
[avoid_value_access_after_await] 2024-01-10T11:07:46.770590 , Report{node: ageBeacon.value, type: NodeType.beaconExpr 
[avoid_value_access_after_await] 2024-01-10T11:07:46.770590 , Report{node: ageBeacon.call(), type: NodeType.beaconExpr 
[avoid_value_access_after_await] 2024-01-10T11:07:46.770590 ]}
[avoid_value_access_after_await] 2024-01-10T11:07:46.770805 isAccess: speedBeacon.value type: AccessType.value
[avoid_value_access_after_await] 2024-01-10T11:07:46.770915 BeaconValueVisitor{node: [Report{node: await Future<void>.delayed(k10ms);, type: NodeType.awaitExpr 
[avoid_value_access_after_await] 2024-01-10T11:07:46.770915 , Report{node: speedBeacon.value, type: NodeType.beaconExpr 
[avoid_value_access_after_await] 2024-01-10T11:07:46.770915 ]}
The Dart VM service is listening on http://127.0.0.1:46151/0D5GQkT4ZEs=/
The Dart DevTools debugger and profiler is available at: http://127.0.0.1:46151/0D5GQkT4ZEs=/devtools?uri=ws://127.0.0.1:46151/0D5GQkT4ZEs=/ws
[avoid_value_access_after_await] 2024-01-10T11:08:33.012165 BeaconValueVisitor{node: []}
[avoid_value_access_after_await] 2024-01-10T11:08:33.012827 isAccess: ageBeacon.value type: AccessType.value
[avoid_value_access_after_await] 2024-01-10T11:08:33.012996 isAccess: ageBeacon.value type: AccessType.value
[avoid_value_access_after_await] 2024-01-10T11:08:33.013121 isAccess: ageBeacon.value type: AccessType.value
[avoid_value_access_after_await] 2024-01-10T11:08:33.013268 name: toFuture() - type : AccessType.toFuture
[avoid_value_access_after_await] 2024-01-10T11:08:33.013395 ageBeacon() type: AccessType.call
[avoid_value_access_after_await] 2024-01-10T11:08:33.013519 isAccess: ageBeacon.value type: AccessType.value
[avoid_value_access_after_await] 2024-01-10T11:08:33.014112 name: call() - type : AccessType.call
[avoid_value_access_after_await] 2024-01-10T11:08:33.014237 BeaconValueVisitor{node: [Report{node: ageBeacon.value, type: NodeType.beaconExpr 
[avoid_value_access_after_await] 2024-01-10T11:08:33.014237 , Report{node: ageBeacon.value, type: NodeType.beaconExpr 
[avoid_value_access_after_await] 2024-01-10T11:08:33.014237 , Report{node: ageBeacon.value, type: NodeType.beaconExpr 
[avoid_value_access_after_await] 2024-01-10T11:08:33.014237 , Report{node: final name = await nameFB.toFuture();, type: NodeType.awaitExpr 
[avoid_value_access_after_await] 2024-01-10T11:08:33.014237 , Report{node: nameFB.toFuture(), type: NodeType.beaconExpr 
[avoid_value_access_after_await] 2024-01-10T11:08:33.014237 , Report{node: await Future<void>.delayed(k10ms);, type: NodeType.awaitExpr 
[avoid_value_access_after_await] 2024-01-10T11:08:33.014237 , Report{node: await Future<void>.delayed(k10ms * ageBeacon() * ageBeacon.value * ageBeacon.call());, type: NodeType.awaitExpr 
[avoid_value_access_after_await] 2024-01-10T11:08:33.014237 , Report{node: ageBeacon(), type: NodeType.beaconExpr 
[avoid_value_access_after_await] 2024-01-10T11:08:33.014237 , Report{node: ageBeacon.value, type: NodeType.beaconExpr 
[avoid_value_access_after_await] 2024-01-10T11:08:33.014237 , Report{node: ageBeacon.call(), type: NodeType.beaconExpr 
[avoid_value_access_after_await] 2024-01-10T11:08:33.014237 ]}
[avoid_value_access_after_await] 2024-01-10T11:08:33.014387 isAccess: speedBeacon.value type: AccessType.value
[avoid_value_access_after_await] 2024-01-10T11:08:33.014501 BeaconValueVisitor{node: [Report{node: await Future<void>.delayed(k10ms);, type: NodeType.awaitExpr 
[avoid_value_access_after_await] 2024-01-10T11:08:33.014501 , Report{node: speedBeacon.value, type: NodeType.beaconExpr 
[avoid_value_access_after_await] 2024-01-10T11:08:33.014501 ]}
[avoid_value_access_after_await] 2024-01-10T11:08:36.915307 BeaconValueVisitor{node: []}
[avoid_value_access_after_await] 2024-01-10T11:08:36.915735 isAccess: ageBeacon.value type: AccessType.value
[avoid_value_access_after_await] 2024-01-10T11:08:36.915852 isAccess: ageBeacon.value type: AccessType.value
[avoid_value_access_after_await] 2024-01-10T11:08:36.915984 isAccess: ageBeacon.value type: AccessType.value
[avoid_value_access_after_await] 2024-01-10T11:08:36.916126 name: toFuture() - type : AccessType.toFuture
[avoid_value_access_after_await] 2024-01-10T11:08:36.916266 ageBeacon() type: AccessType.call
[avoid_value_access_after_await] 2024-01-10T11:08:36.916390 isAccess: ageBeacon.value type: AccessType.value
[avoid_value_access_after_await] 2024-01-10T11:08:36.916513 name: call() - type : AccessType.call
[avoid_value_access_after_await] 2024-01-10T11:08:36.919242 BeaconValueVisitor{node: [Report{node: ageBeacon.value, type: NodeType.beaconExpr 
[avoid_value_access_after_await] 2024-01-10T11:08:36.919242 , Report{node: ageBeacon.value, type: NodeType.beaconExpr 
[avoid_value_access_after_await] 2024-01-10T11:08:36.919242 , Report{node: ageBeacon.value, type: NodeType.beaconExpr 
[avoid_value_access_after_await] 2024-01-10T11:08:36.919242 , Report{node: final name = await nameFB.toFuture();, type: NodeType.awaitExpr 
[avoid_value_access_after_await] 2024-01-10T11:08:36.919242 , Report{node: nameFB.toFuture(), type: NodeType.beaconExpr 
[avoid_value_access_after_await] 2024-01-10T11:08:36.919242 , Report{node: await Future<void>.delayed(k10ms);, type: NodeType.awaitExpr 
[avoid_value_access_after_await] 2024-01-10T11:08:36.919242 , Report{node: await Future<void>.delayed(k10ms * ageBeacon() * ageBeacon.value * ageBeacon.call());, type: NodeType.awaitExpr 
[avoid_value_access_after_await] 2024-01-10T11:08:36.919242 , Report{node: ageBeacon(), type: NodeType.beaconExpr 
[avoid_value_access_after_await] 2024-01-10T11:08:36.919242 , Report{node: ageBeacon.value, type: NodeType.beaconExpr 
[avoid_value_access_after_await] 2024-01-10T11:08:36.919242 , Report{node: ageBeacon.call(), type: NodeType.beaconExpr 
[avoid_value_access_after_await] 2024-01-10T11:08:36.919242 ]}
[avoid_value_access_after_await] 2024-01-10T11:08:36.919380 isAccess: speedBeacon.value type: AccessType.value
[avoid_value_access_after_await] 2024-01-10T11:08:36.919515 BeaconValueVisitor{node: [Report{node: await Future<void>.delayed(k10ms);, type: NodeType.awaitExpr 
[avoid_value_access_after_await] 2024-01-10T11:08:36.919515 , Report{node: speedBeacon.value, type: NodeType.beaconExpr 
[avoid_value_access_after_await] 2024-01-10T11:08:36.919515 ]}
[avoid_value_access_after_await] 2024-01-10T11:08:37.993333 BeaconValueVisitor{node: []}
[avoid_value_access_after_await] 2024-01-10T11:08:37.993806 isAccess: ageBeacon.value type: AccessType.value
[avoid_value_access_after_await] 2024-01-10T11:08:37.993957 isAccess: ageBeacon.value type: AccessType.value
[avoid_value_access_after_await] 2024-01-10T11:08:37.994081 isAccess: ageBeacon.value type: AccessType.value
[avoid_value_access_after_await] 2024-01-10T11:08:37.994207 name: toFuture() - type : AccessType.toFuture
[avoid_value_access_after_await] 2024-01-10T11:08:37.994311 ageBeacon() type: AccessType.call
[avoid_value_access_after_await] 2024-01-10T11:08:37.994416 isAccess: ageBeacon.value type: AccessType.value
[avoid_value_access_after_await] 2024-01-10T11:08:37.994515 name: call() - type : AccessType.call
[avoid_value_access_after_await] 2024-01-10T11:08:37.994625 BeaconValueVisitor{node: [Report{node: ageBeacon.value, type: NodeType.beaconExpr 
[avoid_value_access_after_await] 2024-01-10T11:08:37.994625 , Report{node: ageBeacon.value, type: NodeType.beaconExpr 
[avoid_value_access_after_await] 2024-01-10T11:08:37.994625 , Report{node: ageBeacon.value, type: NodeType.beaconExpr 
[avoid_value_access_after_await] 2024-01-10T11:08:37.994625 , Report{node: final name = await nameFB.toFuture();, type: NodeType.awaitExpr 
[avoid_value_access_after_await] 2024-01-10T11:08:37.994625 , Report{node: nameFB.toFuture(), type: NodeType.beaconExpr 
[avoid_value_access_after_await] 2024-01-10T11:08:37.994625 , Report{node: await Future<void>.delayed(k10ms);, type: NodeType.awaitExpr 
[avoid_value_access_after_await] 2024-01-10T11:08:37.994625 , Report{node: await Future<void>.delayed(k10ms * ageBeacon() * ageBeacon.value * ageBeacon.call());, type: NodeType.awaitExpr 
[avoid_value_access_after_await] 2024-01-10T11:08:37.994625 , Report{node: ageBeacon(), type: NodeType.beaconExpr 
[avoid_value_access_after_await] 2024-01-10T11:08:37.994625 , Report{node: ageBeacon.value, type: NodeType.beaconExpr 
[avoid_value_access_after_await] 2024-01-10T11:08:37.994625 , Report{node: ageBeacon.call(), type: NodeType.beaconExpr 
[avoid_value_access_after_await] 2024-01-10T11:08:37.994625 ]}
[avoid_value_access_after_await] 2024-01-10T11:08:37.994762 isAccess: speedBeacon.value type: AccessType.value
[avoid_value_access_after_await] 2024-01-10T11:08:37.994870 BeaconValueVisitor{node: [Report{node: await Future<void>.delayed(k10ms);, type: NodeType.awaitExpr 
[avoid_value_access_after_await] 2024-01-10T11:08:37.994870 , Report{node: speedBeacon.value, type: NodeType.beaconExpr 
[avoid_value_access_after_await] 2024-01-10T11:08:37.994870 ]}
The Dart VM service is listening on http://127.0.0.1:46281/oBNBylF7J3s=/
The Dart DevTools debugger and profiler is available at: http://127.0.0.1:46281/oBNBylF7J3s=/devtools?uri=ws://127.0.0.1:46281/oBNBylF7J3s=/ws
The Dart VM service is listening on http://127.0.0.1:45027/Zbe3tTAdjRs=/
The Dart DevTools debugger and profiler is available at: http://127.0.0.1:45027/Zbe3tTAdjRs=/devtools?uri=ws://127.0.0.1:45027/Zbe3tTAdjRs=/ws
[avoid_value_access_after_await] 2024-01-10T11:12:32.405593 BeaconValueVisitor{node: []}
[avoid_value_access_after_await] 2024-01-10T11:12:32.406015 isAccess: ageBeacon.value type: AccessType.value
[avoid_value_access_after_await] 2024-01-10T11:12:32.406186 isAccess: ageBeacon.value type: AccessType.value
[avoid_value_access_after_await] 2024-01-10T11:12:32.406297 isAccess: ageBeacon.value type: AccessType.value
[avoid_value_access_after_await] 2024-01-10T11:12:32.406415 name: toFuture() - type : AccessType.toFuture
[avoid_value_access_after_await] 2024-01-10T11:12:32.406520 ageBeacon() type: AccessType.call
[avoid_value_access_after_await] 2024-01-10T11:12:32.406739 isAccess: ageBeacon.value type: AccessType.value
[avoid_value_access_after_await] 2024-01-10T11:12:32.406856 name: call() - type : AccessType.call
[avoid_value_access_after_await] 2024-01-10T11:12:32.409885 BeaconValueVisitor{node: [Report{node: ageBeacon.value, type: NodeType.beaconExpr 
[avoid_value_access_after_await] 2024-01-10T11:12:32.409885 , Report{node: ageBeacon.value, type: NodeType.beaconExpr 
[avoid_value_access_after_await] 2024-01-10T11:12:32.409885 , Report{node: ageBeacon.value, type: NodeType.beaconExpr 
[avoid_value_access_after_await] 2024-01-10T11:12:32.409885 , Report{node: final name = await nameFB.toFuture();, type: NodeType.awaitExpr 
[avoid_value_access_after_await] 2024-01-10T11:12:32.409885 , Report{node: nameFB.toFuture(), type: NodeType.beaconExpr 
[avoid_value_access_after_await] 2024-01-10T11:12:32.409885 , Report{node: await Future<void>.delayed(k10ms);, type: NodeType.awaitExpr 
[avoid_value_access_after_await] 2024-01-10T11:12:32.409885 , Report{node: await Future<void>.delayed(k10ms * ageBeacon() * ageBeacon.value * ageBeacon.call());, type: NodeType.awaitExpr 
[avoid_value_access_after_await] 2024-01-10T11:12:32.409885 , Report{node: ageBeacon(), type: NodeType.beaconExpr 
[avoid_value_access_after_await] 2024-01-10T11:12:32.409885 , Report{node: ageBeacon.value, type: NodeType.beaconExpr 
[avoid_value_access_after_await] 2024-01-10T11:12:32.409885 , Report{node: ageBeacon.call(), type: NodeType.beaconExpr 
[avoid_value_access_after_await] 2024-01-10T11:12:32.409885 ]}
[avoid_value_access_after_await] 2024-01-10T11:12:32.410024 isAccess: speedBeacon.value type: AccessType.value
[avoid_value_access_after_await] 2024-01-10T11:12:32.410109 BeaconValueVisitor{node: [Report{node: await Future<void>.delayed(k10ms);, type: NodeType.awaitExpr 
[avoid_value_access_after_await] 2024-01-10T11:12:32.410109 , Report{node: speedBeacon.value, type: NodeType.beaconExpr 
[avoid_value_access_after_await] 2024-01-10T11:12:32.410109 ]}
The Dart VM service is listening on http://127.0.0.1:44413/J0baWrx2IM4=/
The Dart DevTools debugger and profiler is available at: http://127.0.0.1:44413/J0baWrx2IM4=/devtools?uri=ws://127.0.0.1:44413/J0baWrx2IM4=/ws
The Dart VM service is listening on http://127.0.0.1:42509/n3ySvPRD_lQ=/
The Dart DevTools debugger and profiler is available at: http://127.0.0.1:42509/n3ySvPRD_lQ=/devtools?uri=ws://127.0.0.1:42509/n3ySvPRD_lQ=/ws
[avoid_value_access_after_await] 2024-01-10T11:13:26.020170 BeaconValueVisitor{node: []}
[avoid_value_access_after_await] 2024-01-10T11:13:26.020726 isAccess: ageBeacon.value type: AccessType.value
[avoid_value_access_after_await] 2024-01-10T11:13:26.020858 isAccess: ageBeacon.value type: AccessType.value
[avoid_value_access_after_await] 2024-01-10T11:13:26.020971 isAccess: ageBeacon.value type: AccessType.value
[avoid_value_access_after_await] 2024-01-10T11:13:26.021061 name: toFuture() - type : AccessType.toFuture
[avoid_value_access_after_await] 2024-01-10T11:13:26.021146 ageBeacon() type: AccessType.call
[avoid_value_access_after_await] 2024-01-10T11:13:26.021227 isAccess: ageBeacon.value type: AccessType.value
[avoid_value_access_after_await] 2024-01-10T11:13:26.021306 name: call() - type : AccessType.call
[avoid_value_access_after_await] 2024-01-10T11:13:26.021383 BeaconValueVisitor{node: [Report{node: ageBeacon.value, type: NodeType.beaconExpr 
[avoid_value_access_after_await] 2024-01-10T11:13:26.021383 , Report{node: ageBeacon.value, type: NodeType.beaconExpr 
[avoid_value_access_after_await] 2024-01-10T11:13:26.021383 , Report{node: ageBeacon.value, type: NodeType.beaconExpr 
[avoid_value_access_after_await] 2024-01-10T11:13:26.021383 , Report{node: final name = await nameFB.toFuture();, type: NodeType.awaitExpr 
[avoid_value_access_after_await] 2024-01-10T11:13:26.021383 , Report{node: nameFB.toFuture(), type: NodeType.beaconExpr 
[avoid_value_access_after_await] 2024-01-10T11:13:26.021383 , Report{node: await Future<void>.delayed(k10ms);, type: NodeType.awaitExpr 
[avoid_value_access_after_await] 2024-01-10T11:13:26.021383 , Report{node: await Future<void>.delayed(k10ms * ageBeacon() * ageBeacon.value * ageBeacon.call());, type: NodeType.awaitExpr 
[avoid_value_access_after_await] 2024-01-10T11:13:26.021383 , Report{node: ageBeacon(), type: NodeType.beaconExpr 
[avoid_value_access_after_await] 2024-01-10T11:13:26.021383 , Report{node: ageBeacon.value, type: NodeType.beaconExpr 
[avoid_value_access_after_await] 2024-01-10T11:13:26.021383 , Report{node: ageBeacon.call(), type: NodeType.beaconExpr 
[avoid_value_access_after_await] 2024-01-10T11:13:26.021383 ]}
[avoid_value_access_after_await] 2024-01-10T11:13:26.021485 isAccess: speedBeacon.value type: AccessType.value
[avoid_value_access_after_await] 2024-01-10T11:13:26.021561 BeaconValueVisitor{node: [Report{node: await Future<void>.delayed(k10ms);, type: NodeType.awaitExpr 
[avoid_value_access_after_await] 2024-01-10T11:13:26.021561 , Report{node: speedBeacon.value, type: NodeType.beaconExpr 
[avoid_value_access_after_await] 2024-01-10T11:13:26.021561 ]}
The Dart VM service is listening on http://127.0.0.1:37847/6UO0c6cRUKA=/
The Dart DevTools debugger and profiler is available at: http://127.0.0.1:37847/6UO0c6cRUKA=/devtools?uri=ws://127.0.0.1:37847/6UO0c6cRUKA=/ws
The Dart VM service is listening on http://127.0.0.1:45393/rB759X65gNU=/
The Dart DevTools debugger and profiler is available at: http://127.0.0.1:45393/rB759X65gNU=/devtools?uri=ws://127.0.0.1:45393/rB759X65gNU=/ws
[avoid_value_access_after_await] 2024-01-10T11:14:33.804565 BeaconValueVisitor{node: []}
[avoid_value_access_after_await] 2024-01-10T11:14:33.805273 isAccess: ageBeacon.value type: AccessType.value
[avoid_value_access_after_await] 2024-01-10T11:14:33.805387 isAccess: ageBeacon.value type: AccessType.value
[avoid_value_access_after_await] 2024-01-10T11:14:33.805484 isAccess: ageBeacon.value type: AccessType.value
[avoid_value_access_after_await] 2024-01-10T11:14:33.805577 name: toFuture() - type : AccessType.toFuture
[avoid_value_access_after_await] 2024-01-10T11:14:33.805668 ageBeacon() type: AccessType.call
[avoid_value_access_after_await] 2024-01-10T11:14:33.805772 isAccess: ageBeacon.value type: AccessType.value
[avoid_value_access_after_await] 2024-01-10T11:14:33.805897 name: call() - type : AccessType.call
[avoid_value_access_after_await] 2024-01-10T11:14:33.811087 BeaconValueVisitor{node: [Report{node: ageBeacon.value, type: NodeType.beaconExpr 
[avoid_value_access_after_await] 2024-01-10T11:14:33.811087 , Report{node: ageBeacon.value, type: NodeType.beaconExpr 
[avoid_value_access_after_await] 2024-01-10T11:14:33.811087 , Report{node: ageBeacon.value, type: NodeType.beaconExpr 
[avoid_value_access_after_await] 2024-01-10T11:14:33.811087 , Report{node: final name = await nameFB.toFuture();, type: NodeType.awaitExpr 
[avoid_value_access_after_await] 2024-01-10T11:14:33.811087 , Report{node: nameFB.toFuture(), type: NodeType.beaconExpr 
[avoid_value_access_after_await] 2024-01-10T11:14:33.811087 , Report{node: await Future<void>.delayed(k10ms);, type: NodeType.awaitExpr 
[avoid_value_access_after_await] 2024-01-10T11:14:33.811087 , Report{node: await Future<void>.delayed(k10ms * ageBeacon() * ageBeacon.value * ageBeacon.call());, type: NodeType.awaitExpr 
[avoid_value_access_after_await] 2024-01-10T11:14:33.811087 , Report{node: ageBeacon(), type: NodeType.beaconExpr 
[avoid_value_access_after_await] 2024-01-10T11:14:33.811087 , Report{node: ageBeacon.value, type: NodeType.beaconExpr 
[avoid_value_access_after_await] 2024-01-10T11:14:33.811087 , Report{node: ageBeacon.call(), type: NodeType.beaconExpr 
[avoid_value_access_after_await] 2024-01-10T11:14:33.811087 ]}
[avoid_value_access_after_await] 2024-01-10T11:14:33.811485 isAccess: speedBeacon.value type: AccessType.value
[avoid_value_access_after_await] 2024-01-10T11:14:33.811587 BeaconValueVisitor{node: [Report{node: await Future<void>.delayed(k10ms);, type: NodeType.awaitExpr 
[avoid_value_access_after_await] 2024-01-10T11:14:33.811587 , Report{node: speedBeacon.value, type: NodeType.beaconExpr 
[avoid_value_access_after_await] 2024-01-10T11:14:33.811587 ]}
[IgnoreCode] 2024-01-10T11:14:33.937131 Plugin IgnoreCode threw while analyzing /home/david/projects/dart/dart_beacon/state_beacon_lint/example/lib/main.dart:
[IgnoreCode] 2024-01-10T11:14:33.937131 InconsistentAnalysisException: Requested result might be inconsistent with previously returned results
[IgnoreCode] 2024-01-10T11:14:33.937131
[IgnoreCode] 2024-01-10T11:14:33.937131 #0      AnalysisSessionImpl._checkConsistency (package:analyzer/src/dart/analysis/session.dart:135:7)
[IgnoreCode] 2024-01-10T11:14:33.937131 #1      AnalysisSessionImpl.getResolvedUnit (package:analyzer/src/dart/analysis/session.dart:121:5)
[IgnoreCode] 2024-01-10T11:14:33.937131 #2      ChangeBuilderImpl._createDartFileEditBuilder (package:analyzer_plugin/src/utilities/change_builder/change_builder_core.dart:287:33)
[IgnoreCode] 2024-01-10T11:14:33.937131 #3      ChangeBuilderImpl.addDartFileEdit (package:analyzer_plugin/src/utilities/change_builder/change_builder_core.dart:136:23)
[IgnoreCode] 2024-01-10T11:14:33.937131 #4      _ChangeBuilderImpl.addDartFileEdit (package:custom_lint_core/src/change_reporter.dart:129:33)
[IgnoreCode] 2024-01-10T11:14:33.937131 #5      IgnoreCode.run (package:custom_lint_builder/src/ignore.dart:119:32)
[IgnoreCode] 2024-01-10T11:14:33.937131 #6      _ClientAnalyzerPlugin._runFixRun.<anonymous closure> (package:custom_lint_builder/src/client.dart:643:17)
[IgnoreCode] 2024-01-10T11:14:33.937131 #7      new Future.<anonymous closure> (dart:async/future.dart:256:37)
[IgnoreCode] 2024-01-10T11:14:33.937131 #8      _rootRun (dart:async/zone.dart:1391:47)
[IgnoreCode] 2024-01-10T11:14:33.937131 #9      _CustomZone.run (dart:async/zone.dart:1301:19)
[IgnoreCode] 2024-01-10T11:14:33.937131 #10     _CustomZone.runGuarded (dart:async/zone.dart:1209:7)
[IgnoreCode] 2024-01-10T11:14:33.937131 #11     _CustomZone.bindCallbackGuarded.<anonymous closure> (dart:async/zone.dart:1249:23)
[IgnoreCode] 2024-01-10T11:14:33.937131 #12     _rootRun (dart:async/zone.dart:1399:13)
[IgnoreCode] 2024-01-10T11:14:33.937131 #13     _CustomZone.run (dart:async/zone.dart:1301:19)
[IgnoreCode] 2024-01-10T11:14:33.937131 #14     _CustomZone.bindCallback.<anonymous closure> (dart:async/zone.dart:1233:23)
[IgnoreCode] 2024-01-10T11:14:33.937131 #15     Timer._createTimer.<anonymous closure> (dart:async-patch/timer_patch.dart:18:15)
[IgnoreCode] 2024-01-10T11:14:33.937131 #16     _Timer._runTimers (dart:isolate-patch/timer_impl.dart:398:19)
[IgnoreCode] 2024-01-10T11:14:33.937131 #17     _Timer._handleMessage (dart:isolate-patch/timer_impl.dart:429:5)
[IgnoreCode] 2024-01-10T11:14:33.937131 #18     _RawReceivePort._handleMessage (dart:isolate-patch/isolate_patch.dart:184:12)
[IgnoreCode] 2024-01-10T11:14:33.937131
[IgnoreCode] 2024-01-10T11:14:33.937508 Plugin IgnoreCode threw while analyzing /home/david/projects/dart/dart_beacon/state_beacon_lint/example/lib/main.dart:
[IgnoreCode] 2024-01-10T11:14:33.937508 InconsistentAnalysisException: Requested result might be inconsistent with previously returned results
[IgnoreCode] 2024-01-10T11:14:33.937508
[IgnoreCode] 2024-01-10T11:14:33.937508 #0      AnalysisSessionImpl._checkConsistency (package:analyzer/src/dart/analysis/session.dart:135:7)
[IgnoreCode] 2024-01-10T11:14:33.937508 #1      AnalysisSessionImpl.getResolvedUnit (package:analyzer/src/dart/analysis/session.dart:121:5)
[IgnoreCode] 2024-01-10T11:14:33.937508 #2      ChangeBuilderImpl._createDartFileEditBuilder (package:analyzer_plugin/src/utilities/change_builder/change_builder_core.dart:287:33)
[IgnoreCode] 2024-01-10T11:14:33.937508 #3      ChangeBuilderImpl.addDartFileEdit (package:analyzer_plugin/src/utilities/change_builder/change_builder_core.dart:136:23)
[IgnoreCode] 2024-01-10T11:14:33.937508 #4      _ChangeBuilderImpl.addDartFileEdit (package:custom_lint_core/src/change_reporter.dart:129:33)
[IgnoreCode] 2024-01-10T11:14:33.937508 #5      IgnoreCode.run (package:custom_lint_builder/src/ignore.dart:147:32)
[IgnoreCode] 2024-01-10T11:14:33.937508 #6      _ClientAnalyzerPlugin._runFixRun.<anonymous closure> (package:custom_lint_builder/src/client.dart:643:17)
[IgnoreCode] 2024-01-10T11:14:33.937508 #7      new Future.<anonymous closure> (dart:async/future.dart:256:37)
[IgnoreCode] 2024-01-10T11:14:33.937508 #8      _rootRun (dart:async/zone.dart:1391:47)
[IgnoreCode] 2024-01-10T11:14:33.937508 #9      _CustomZone.run (dart:async/zone.dart:1301:19)
[IgnoreCode] 2024-01-10T11:14:33.937508 #10     _CustomZone.runGuarded (dart:async/zone.dart:1209:7)
[IgnoreCode] 2024-01-10T11:14:33.937508 #11     _CustomZone.bindCallbackGuarded.<anonymous closure> (dart:async/zone.dart:1249:23)
[IgnoreCode] 2024-01-10T11:14:33.937508 #12     _rootRun (dart:async/zone.dart:1399:13)
[IgnoreCode] 2024-01-10T11:14:33.937508 #13     _CustomZone.run (dart:async/zone.dart:1301:19)
[IgnoreCode] 2024-01-10T11:14:33.937508 #14     _CustomZone.bindCallback.<anonymous closure> (dart:async/zone.dart:1233:23)
[IgnoreCode] 2024-01-10T11:14:33.937508 #15     Timer._createTimer.<anonymous closure> (dart:async-patch/timer_patch.dart:18:15)
[IgnoreCode] 2024-01-10T11:14:33.937508 #16     _Timer._runTimers (dart:isolate-patch/timer_impl.dart:398:19)
[IgnoreCode] 2024-01-10T11:14:33.937508 #17     _Timer._handleMessage (dart:isolate-patch/timer_impl.dart:429:5)
[IgnoreCode] 2024-01-10T11:14:33.937508 #18     _RawReceivePort._handleMessage (dart:isolate-patch/isolate_patch.dart:184:12)
[IgnoreCode] 2024-01-10T11:14:33.937508
[IgnoreCode] 2024-01-10T11:14:33.937648 Plugin IgnoreCode threw while analyzing /home/david/projects/dart/dart_beacon/state_beacon_lint/example/lib/main.dart:
[IgnoreCode] 2024-01-10T11:14:33.937648 InconsistentAnalysisException: Requested result might be inconsistent with previously returned results
[IgnoreCode] 2024-01-10T11:14:33.937648
[IgnoreCode] 2024-01-10T11:14:33.937648 #0      AnalysisSessionImpl._checkConsistency (package:analyzer/src/dart/analysis/session.dart:135:7)
[IgnoreCode] 2024-01-10T11:14:33.937648 #1      AnalysisSessionImpl.getResolvedUnit (package:analyzer/src/dart/analysis/session.dart:121:5)
[IgnoreCode] 2024-01-10T11:14:33.937648 #2      ChangeBuilderImpl._createDartFileEditBuilder (package:analyzer_plugin/src/utilities/change_builder/change_builder_core.dart:287:33)
[IgnoreCode] 2024-01-10T11:14:33.937648 #3      ChangeBuilderImpl.addDartFileEdit (package:analyzer_plugin/src/utilities/change_builder/change_builder_core.dart:136:23)
[IgnoreCode] 2024-01-10T11:14:33.937648 #4      _ChangeBuilderImpl.addDartFileEdit (package:custom_lint_core/src/change_reporter.dart:129:33)
[IgnoreCode] 2024-01-10T11:14:33.937648 #5      IgnoreCode.run (package:custom_lint_builder/src/ignore.dart:119:32)
[IgnoreCode] 2024-01-10T11:14:33.937648 #6      _ClientAnalyzerPlugin._runFixRun.<anonymous closure> (package:custom_lint_builder/src/client.dart:643:17)
[IgnoreCode] 2024-01-10T11:14:33.937648 #7      new Future.<anonymous closure> (dart:async/future.dart:256:37)
[IgnoreCode] 2024-01-10T11:14:33.937648 #8      _rootRun (dart:async/zone.dart:1391:47)
[IgnoreCode] 2024-01-10T11:14:33.937648 #9      _CustomZone.run (dart:async/zone.dart:1301:19)
[IgnoreCode] 2024-01-10T11:14:33.937648 #10     _CustomZone.runGuarded (dart:async/zone.dart:1209:7)
[IgnoreCode] 2024-01-10T11:14:33.937648 #11     _CustomZone.bindCallbackGuarded.<anonymous closure> (dart:async/zone.dart:1249:23)
[IgnoreCode] 2024-01-10T11:14:33.937648 #12     _rootRun (dart:async/zone.dart:1399:13)
[IgnoreCode] 2024-01-10T11:14:33.937648 #13     _CustomZone.run (dart:async/zone.dart:1301:19)
[IgnoreCode] 2024-01-10T11:14:33.937648 #14     _CustomZone.bindCallback.<anonymous closure> (dart:async/zone.dart:1233:23)
[IgnoreCode] 2024-01-10T11:14:33.937648 #15     Timer._createTimer.<anonymous closure> (dart:async-patch/timer_patch.dart:18:15)
[IgnoreCode] 2024-01-10T11:14:33.937648 #16     _Timer._runTimers (dart:isolate-patch/timer_impl.dart:398:19)
[IgnoreCode] 2024-01-10T11:14:33.937648 #17     _Timer._handleMessage (dart:isolate-patch/timer_impl.dart:429:5)
[IgnoreCode] 2024-01-10T11:14:33.937648 #18     _RawReceivePort._handleMessage (dart:isolate-patch/isolate_patch.dart:184:12)
[IgnoreCode] 2024-01-10T11:14:33.937648
[IgnoreCode] 2024-01-10T11:14:33.937781 Plugin IgnoreCode threw while analyzing /home/david/projects/dart/dart_beacon/state_beacon_lint/example/lib/main.dart:
[IgnoreCode] 2024-01-10T11:14:33.937781 InconsistentAnalysisException: Requested result might be inconsistent with previously returned results
[IgnoreCode] 2024-01-10T11:14:33.937781
[IgnoreCode] 2024-01-10T11:14:33.937781 #0      AnalysisSessionImpl._checkConsistency (package:analyzer/src/dart/analysis/session.dart:135:7)
[IgnoreCode] 2024-01-10T11:14:33.937781 #1      AnalysisSessionImpl.getResolvedUnit (package:analyzer/src/dart/analysis/session.dart:121:5)
[IgnoreCode] 2024-01-10T11:14:33.937781 #2      ChangeBuilderImpl._createDartFileEditBuilder (package:analyzer_plugin/src/utilities/change_builder/change_builder_core.dart:287:33)
[IgnoreCode] 2024-01-10T11:14:33.937781 #3      ChangeBuilderImpl.addDartFileEdit (package:analyzer_plugin/src/utilities/change_builder/change_builder_core.dart:136:23)
[IgnoreCode] 2024-01-10T11:14:33.937781 #4      _ChangeBuilderImpl.addDartFileEdit (package:custom_lint_core/src/change_reporter.dart:129:33)
[IgnoreCode] 2024-01-10T11:14:33.937781 #5      IgnoreCode.run (package:custom_lint_builder/src/ignore.dart:147:32)
[IgnoreCode] 2024-01-10T11:14:33.937781 #6      _ClientAnalyzerPlugin._runFixRun.<anonymous closure> (package:custom_lint_builder/src/client.dart:643:17)
[IgnoreCode] 2024-01-10T11:14:33.937781 #7      new Future.<anonymous closure> (dart:async/future.dart:256:37)
[IgnoreCode] 2024-01-10T11:14:33.937781 #8      _rootRun (dart:async/zone.dart:1391:47)
[IgnoreCode] 2024-01-10T11:14:33.937781 #9      _CustomZone.run (dart:async/zone.dart:1301:19)
[IgnoreCode] 2024-01-10T11:14:33.937781 #10     _CustomZone.runGuarded (dart:async/zone.dart:1209:7)
[IgnoreCode] 2024-01-10T11:14:33.937781 #11     _CustomZone.bindCallbackGuarded.<anonymous closure> (dart:async/zone.dart:1249:23)
[IgnoreCode] 2024-01-10T11:14:33.937781 #12     _rootRun (dart:async/zone.dart:1399:13)
[IgnoreCode] 2024-01-10T11:14:33.937781 #13     _CustomZone.run (dart:async/zone.dart:1301:19)
[IgnoreCode] 2024-01-10T11:14:33.937781 #14     _CustomZone.bindCallback.<anonymous closure> (dart:async/zone.dart:1233:23)
[IgnoreCode] 2024-01-10T11:14:33.937781 #15     Timer._createTimer.<anonymous closure> (dart:async-patch/timer_patch.dart:18:15)
[IgnoreCode] 2024-01-10T11:14:33.937781 #16     _Timer._runTimers (dart:isolate-patch/timer_impl.dart:398:19)
[IgnoreCode] 2024-01-10T11:14:33.937781 #17     _Timer._handleMessage (dart:isolate-patch/timer_impl.dart:429:5)
[IgnoreCode] 2024-01-10T11:14:33.937781 #18     _RawReceivePort._handleMessage (dart:isolate-patch/isolate_patch.dart:184:12)
[IgnoreCode] 2024-01-10T11:14:33.937781
[avoid_value_access_after_await] 2024-01-10T11:14:33.940856 BeaconValueVisitor{node: []}
[avoid_value_access_after_await] 2024-01-10T11:14:33.941135 isAccess: ageBeacon.value type: AccessType.value
[avoid_value_access_after_await] 2024-01-10T11:14:33.941237 isAccess: ageBeacon.value type: AccessType.value
[avoid_value_access_after_await] 2024-01-10T11:14:33.941328 isAccess: ageBeacon.value type: AccessType.value
[avoid_value_access_after_await] 2024-01-10T11:14:33.941420 name: toFuture() - type : AccessType.toFuture
[avoid_value_access_after_await] 2024-01-10T11:14:33.941516 ageBeacon() type: AccessType.call
[avoid_value_access_after_await] 2024-01-10T11:14:33.941617 isAccess: ageBeacon.value type: AccessType.value
[avoid_value_access_after_await] 2024-01-10T11:14:33.941708 name: call() - type : AccessType.call
[avoid_value_access_after_await] 2024-01-10T11:14:33.941815 BeaconValueVisitor{node: [Report{node: ageBeacon.value, type: NodeType.beaconExpr 
[avoid_value_access_after_await] 2024-01-10T11:14:33.941815 , Report{node: ageBeacon.value, type: NodeType.beaconExpr 
[avoid_value_access_after_await] 2024-01-10T11:14:33.941815 , Report{node: ageBeacon.value, type: NodeType.beaconExpr 
[avoid_value_access_after_await] 2024-01-10T11:14:33.941815 , Report{node: final name = await nameFB.toFuture();, type: NodeType.awaitExpr 
[avoid_value_access_after_await] 2024-01-10T11:14:33.941815 , Report{node: nameFB.toFuture(), type: NodeType.beaconExpr 
[avoid_value_access_after_await] 2024-01-10T11:14:33.941815 , Report{node: await Future<void>.delayed(k10ms);, type: NodeType.awaitExpr 
[avoid_value_access_after_await] 2024-01-10T11:14:33.941815 , Report{node: await Future<void>.delayed(k10ms * ageBeacon() * ageBeacon.value * ageBeacon.call());, type: NodeType.awaitExpr 
[avoid_value_access_after_await] 2024-01-10T11:14:33.941815 , Report{node: ageBeacon(), type: NodeType.beaconExpr 
[avoid_value_access_after_await] 2024-01-10T11:14:33.941815 , Report{node: ageBeacon.value, type: NodeType.beaconExpr 
[avoid_value_access_after_await] 2024-01-10T11:14:33.941815 , Report{node: ageBeacon.call(), type: NodeType.beaconExpr 
[avoid_value_access_after_await] 2024-01-10T11:14:33.941815 ]}
[avoid_value_access_after_await] 2024-01-10T11:14:33.941944 isAccess: speedBeacon.value type: AccessType.value
[avoid_value_access_after_await] 2024-01-10T11:14:33.942041 BeaconValueVisitor{node: [Report{node: await Future<void>.delayed(k10ms);, type: NodeType.awaitExpr 
[avoid_value_access_after_await] 2024-01-10T11:14:33.942041 , Report{node: speedBeacon.value, type: NodeType.beaconExpr 
[avoid_value_access_after_await] 2024-01-10T11:14:33.942041 ]}
[avoid_value_access_after_await] 2024-01-10T11:14:33.942151 BeaconValueVisitor{node: []}
[avoid_value_access_after_await] 2024-01-10T11:14:33.942260 isAccess: ageBeacon.value type: AccessType.value
[avoid_value_access_after_await] 2024-01-10T11:14:33.942367 isAccess: ageBeacon.value type: AccessType.value
[avoid_value_access_after_await] 2024-01-10T11:14:33.942476 isAccess: ageBeacon.value type: AccessType.value
[avoid_value_access_after_await] 2024-01-10T11:14:33.942584 name: toFuture() - type : AccessType.toFuture
[avoid_value_access_after_await] 2024-01-10T11:14:33.942691 ageBeacon() type: AccessType.call
[avoid_value_access_after_await] 2024-01-10T11:14:33.942819 isAccess: ageBeacon.value type: AccessType.value
[avoid_value_access_after_await] 2024-01-10T11:14:33.942939 name: call() - type : AccessType.call
[avoid_value_access_after_await] 2024-01-10T11:14:33.943085 BeaconValueVisitor{node: [Report{node: ageBeacon.value, type: NodeType.beaconExpr 
[avoid_value_access_after_await] 2024-01-10T11:14:33.943085 , Report{node: ageBeacon.value, type: NodeType.beaconExpr 
[avoid_value_access_after_await] 2024-01-10T11:14:33.943085 , Report{node: ageBeacon.value, type: NodeType.beaconExpr 
[avoid_value_access_after_await] 2024-01-10T11:14:33.943085 , Report{node: final name = await nameFB.toFuture();, type: NodeType.awaitExpr 
[avoid_value_access_after_await] 2024-01-10T11:14:33.943085 , Report{node: nameFB.toFuture(), type: NodeType.beaconExpr 
[avoid_value_access_after_await] 2024-01-10T11:14:33.943085 , Report{node: await Future<void>.delayed(k10ms);, type: NodeType.awaitExpr 
[avoid_value_access_after_await] 2024-01-10T11:14:33.943085 , Report{node: await Future<void>.delayed(k10ms * ageBeacon() * ageBeacon.value * ageBeacon.call());, type: NodeType.awaitExpr 
[avoid_value_access_after_await] 2024-01-10T11:14:33.943085 , Report{node: ageBeacon(), type: NodeType.beaconExpr 
[avoid_value_access_after_await] 2024-01-10T11:14:33.943085 , Report{node: ageBeacon.value, type: NodeType.beaconExpr 
[avoid_value_access_after_await] 2024-01-10T11:14:33.943085 , Report{node: ageBeacon.call(), type: NodeType.beaconExpr 
[avoid_value_access_after_await] 2024-01-10T11:14:33.943085 ]}
[avoid_value_access_after_await] 2024-01-10T11:14:33.943249 isAccess: speedBeacon.value type: AccessType.value
[avoid_value_access_after_await] 2024-01-10T11:14:33.943373 BeaconValueVisitor{node: [Report{node: await Future<void>.delayed(k10ms);, type: NodeType.awaitExpr 
[avoid_value_access_after_await] 2024-01-10T11:14:33.943373 , Report{node: speedBeacon.value, type: NodeType.beaconExpr 
[avoid_value_access_after_await] 2024-01-10T11:14:33.943373 ]}
[avoid_value_access_after_await] 2024-01-10T11:14:33.943496 BeaconValueVisitor{node: []}
[avoid_value_access_after_await] 2024-01-10T11:14:33.943613 isAccess: ageBeacon.value type: AccessType.value
[avoid_value_access_after_await] 2024-01-10T11:14:33.943733 isAccess: ageBeacon.value type: AccessType.value
[avoid_value_access_after_await] 2024-01-10T11:14:33.943880 isAccess: ageBeacon.value type: AccessType.value
[avoid_value_access_after_await] 2024-01-10T11:14:33.944024 name: toFuture() - type : AccessType.toFuture
[avoid_value_access_after_await] 2024-01-10T11:14:33.944167 ageBeacon() type: AccessType.call
[avoid_value_access_after_await] 2024-01-10T11:14:33.944285 isAccess: ageBeacon.value type: AccessType.value
[avoid_value_access_after_await] 2024-01-10T11:14:33.944388 name: call() - type : AccessType.call
[avoid_value_access_after_await] 2024-01-10T11:14:33.944489 BeaconValueVisitor{node: [Report{node: ageBeacon.value, type: NodeType.beaconExpr 
[avoid_value_access_after_await] 2024-01-10T11:14:33.944489 , Report{node: ageBeacon.value, type: NodeType.beaconExpr 
[avoid_value_access_after_await] 2024-01-10T11:14:33.944489 , Report{node: ageBeacon.value, type: NodeType.beaconExpr 
[avoid_value_access_after_await] 2024-01-10T11:14:33.944489 , Report{node: final name = await nameFB.toFuture();, type: NodeType.awaitExpr 
[avoid_value_access_after_await] 2024-01-10T11:14:33.944489 , Report{node: nameFB.toFuture(), type: NodeType.beaconExpr 
[avoid_value_access_after_await] 2024-01-10T11:14:33.944489 , Report{node: await Future<void>.delayed(k10ms);, type: NodeType.awaitExpr 
[avoid_value_access_after_await] 2024-01-10T11:14:33.944489 , Report{node: await Future<void>.delayed(k10ms * ageBeacon() * ageBeacon.value * ageBeacon.call());, type: NodeType.awaitExpr 
[avoid_value_access_after_await] 2024-01-10T11:14:33.944489 , Report{node: ageBeacon(), type: NodeType.beaconExpr 
[avoid_value_access_after_await] 2024-01-10T11:14:33.944489 , Report{node: ageBeacon.value, type: NodeType.beaconExpr 
[avoid_value_access_after_await] 2024-01-10T11:14:33.944489 , Report{node: ageBeacon.call(), type: NodeType.beaconExpr 
[avoid_value_access_after_await] 2024-01-10T11:14:33.944489 ]}
[avoid_value_access_after_await] 2024-01-10T11:14:33.944602 isAccess: speedBeacon.value type: AccessType.value
[avoid_value_access_after_await] 2024-01-10T11:14:33.944703 BeaconValueVisitor{node: [Report{node: await Future<void>.delayed(k10ms);, type: NodeType.awaitExpr 
[avoid_value_access_after_await] 2024-01-10T11:14:33.944703 , Report{node: speedBeacon.value, type: NodeType.beaconExpr 
[avoid_value_access_after_await] 2024-01-10T11:14:33.944703 ]}
[avoid_value_access_after_await] 2024-01-10T11:14:33.946376 BeaconValueVisitor{node: []}
[avoid_value_access_after_await] 2024-01-10T11:14:33.946667 isAccess: ageBeacon.value type: AccessType.value
[avoid_value_access_after_await] 2024-01-10T11:14:33.946780 isAccess: ageBeacon.value type: AccessType.value
[avoid_value_access_after_await] 2024-01-10T11:14:33.946890 isAccess: ageBeacon.value type: AccessType.value
[avoid_value_access_after_await] 2024-01-10T11:14:33.947001 name: toFuture() - type : AccessType.toFuture
[avoid_value_access_after_await] 2024-01-10T11:14:33.947106 ageBeacon() type: AccessType.call
[avoid_value_access_after_await] 2024-01-10T11:14:33.947214 isAccess: ageBeacon.value type: AccessType.value
[avoid_value_access_after_await] 2024-01-10T11:14:33.947319 name: call() - type : AccessType.call
[avoid_value_access_after_await] 2024-01-10T11:14:33.947430 BeaconValueVisitor{node: [Report{node: ageBeacon.value, type: NodeType.beaconExpr 
[avoid_value_access_after_await] 2024-01-10T11:14:33.947430 , Report{node: ageBeacon.value, type: NodeType.beaconExpr 
[avoid_value_access_after_await] 2024-01-10T11:14:33.947430 , Report{node: ageBeacon.value, type: NodeType.beaconExpr 
[avoid_value_access_after_await] 2024-01-10T11:14:33.947430 , Report{node: final name = await nameFB.toFuture();, type: NodeType.awaitExpr 
[avoid_value_access_after_await] 2024-01-10T11:14:33.947430 , Report{node: nameFB.toFuture(), type: NodeType.beaconExpr 
[avoid_value_access_after_await] 2024-01-10T11:14:33.947430 , Report{node: await Future<void>.delayed(k10ms);, type: NodeType.awaitExpr 
[avoid_value_access_after_await] 2024-01-10T11:14:33.947430 , Report{node: await Future<void>.delayed(k10ms * ageBeacon() * ageBeacon.value * ageBeacon.call());, type: NodeType.awaitExpr 
[avoid_value_access_after_await] 2024-01-10T11:14:33.947430 , Report{node: ageBeacon(), type: NodeType.beaconExpr 
[avoid_value_access_after_await] 2024-01-10T11:14:33.947430 , Report{node: ageBeacon.value, type: NodeType.beaconExpr 
[avoid_value_access_after_await] 2024-01-10T11:14:33.947430 , Report{node: ageBeacon.call(), type: NodeType.beaconExpr 
[avoid_value_access_after_await] 2024-01-10T11:14:33.947430 ]}
[avoid_value_access_after_await] 2024-01-10T11:14:33.947567 isAccess: speedBeacon.value type: AccessType.value
[avoid_value_access_after_await] 2024-01-10T11:14:33.947675 BeaconValueVisitor{node: [Report{node: await Future<void>.delayed(k10ms);, type: NodeType.awaitExpr 
[avoid_value_access_after_await] 2024-01-10T11:14:33.947675 , Report{node: speedBeacon.value, type: NodeType.beaconExpr 
[avoid_value_access_after_await] 2024-01-10T11:14:33.947675 ]}
[avoid_value_access_after_await] 2024-01-10T11:14:35.039554 BeaconValueVisitor{node: []}
[avoid_value_access_after_await] 2024-01-10T11:14:35.039992 isAccess: ageBeacon.value type: AccessType.value
[avoid_value_access_after_await] 2024-01-10T11:14:35.040099 isAccess: ageBeacon.value type: AccessType.value
[avoid_value_access_after_await] 2024-01-10T11:14:35.040203 isAccess: ageBeacon.value type: AccessType.value
[avoid_value_access_after_await] 2024-01-10T11:14:35.040290 name: toFuture() - type : AccessType.toFuture
[avoid_value_access_after_await] 2024-01-10T11:14:35.040389 ageBeacon() type: AccessType.call
[avoid_value_access_after_await] 2024-01-10T11:14:35.040478 isAccess: ageBeacon.value type: AccessType.value
[avoid_value_access_after_await] 2024-01-10T11:14:35.040563 name: call() - type : AccessType.call
[avoid_value_access_after_await] 2024-01-10T11:14:35.040646 BeaconValueVisitor{node: [Report{node: ageBeacon.value, type: NodeType.beaconExpr 
[avoid_value_access_after_await] 2024-01-10T11:14:35.040646 , Report{node: ageBeacon.value, type: NodeType.beaconExpr 
[avoid_value_access_after_await] 2024-01-10T11:14:35.040646 , Report{node: ageBeacon.value, type: NodeType.beaconExpr 
[avoid_value_access_after_await] 2024-01-10T11:14:35.040646 , Report{node: final name = await nameFB.toFuture();, type: NodeType.awaitExpr 
[avoid_value_access_after_await] 2024-01-10T11:14:35.040646 , Report{node: nameFB.toFuture(), type: NodeType.beaconExpr 
[avoid_value_access_after_await] 2024-01-10T11:14:35.040646 , Report{node: await Future<void>.delayed(k10ms);, type: NodeType.awaitExpr 
[avoid_value_access_after_await] 2024-01-10T11:14:35.040646 , Report{node: await Future<void>.delayed(k10ms * ageBeacon() * ageBeacon.value * ageBeacon.call());, type: NodeType.awaitExpr 
[avoid_value_access_after_await] 2024-01-10T11:14:35.040646 , Report{node: ageBeacon(), type: NodeType.beaconExpr 
[avoid_value_access_after_await] 2024-01-10T11:14:35.040646 , Report{node: ageBeacon.value, type: NodeType.beaconExpr 
[avoid_value_access_after_await] 2024-01-10T11:14:35.040646 , Report{node: ageBeacon.call(), type: NodeType.beaconExpr 
[avoid_value_access_after_await] 2024-01-10T11:14:35.040646 ]}
[avoid_value_access_after_await] 2024-01-10T11:14:35.040750 isAccess: speedBeacon.value type: AccessType.value
[avoid_value_access_after_await] 2024-01-10T11:14:35.040846 BeaconValueVisitor{node: [Report{node: await Future<void>.delayed(k10ms);, type: NodeType.awaitExpr 
[avoid_value_access_after_await] 2024-01-10T11:14:35.040846 , Report{node: speedBeacon.value, type: NodeType.beaconExpr 
[avoid_value_access_after_await] 2024-01-10T11:14:35.040846 ]}
[avoid_value_access_after_await] 2024-01-10T11:14:37.104644 BeaconValueVisitor{node: []}
[avoid_value_access_after_await] 2024-01-10T11:14:37.105008 isAccess: ageBeacon.value type: AccessType.value
[avoid_value_access_after_await] 2024-01-10T11:14:37.105154 isAccess: ageBeacon.value type: AccessType.value
[avoid_value_access_after_await] 2024-01-10T11:14:37.105260 isAccess: ageBeacon.value type: AccessType.value
[avoid_value_access_after_await] 2024-01-10T11:14:37.105363 name: toFuture() - type : AccessType.toFuture
[avoid_value_access_after_await] 2024-01-10T11:14:37.105484 ageBeacon() type: AccessType.call
[avoid_value_access_after_await] 2024-01-10T11:14:37.105589 isAccess: ageBeacon.value type: AccessType.value
[avoid_value_access_after_await] 2024-01-10T11:14:37.105693 name: call() - type : AccessType.call
[avoid_value_access_after_await] 2024-01-10T11:14:37.105797 BeaconValueVisitor{node: [Report{node: ageBeacon.value, type: NodeType.beaconExpr 
[avoid_value_access_after_await] 2024-01-10T11:14:37.105797 , Report{node: ageBeacon.value, type: NodeType.beaconExpr 
[avoid_value_access_after_await] 2024-01-10T11:14:37.105797 , Report{node: ageBeacon.value, type: NodeType.beaconExpr 
[avoid_value_access_after_await] 2024-01-10T11:14:37.105797 , Report{node: final name = await nameFB.toFuture();, type: NodeType.awaitExpr 
[avoid_value_access_after_await] 2024-01-10T11:14:37.105797 , Report{node: nameFB.toFuture(), type: NodeType.beaconExpr 
[avoid_value_access_after_await] 2024-01-10T11:14:37.105797 , Report{node: await Future<void>.delayed(k10ms);, type: NodeType.awaitExpr 
[avoid_value_access_after_await] 2024-01-10T11:14:37.105797 , Report{node: await Future<void>.delayed(k10ms * ageBeacon() * ageBeacon.value * ageBeacon.call());, type: NodeType.awaitExpr 
[avoid_value_access_after_await] 2024-01-10T11:14:37.105797 , Report{node: ageBeacon(), type: NodeType.beaconExpr 
[avoid_value_access_after_await] 2024-01-10T11:14:37.105797 , Report{node: ageBeacon.value, type: NodeType.beaconExpr 
[avoid_value_access_after_await] 2024-01-10T11:14:37.105797 , Report{node: ageBeacon.call(), type: NodeType.beaconExpr 
[avoid_value_access_after_await] 2024-01-10T11:14:37.105797 ]}
[avoid_value_access_after_await] 2024-01-10T11:14:37.105915 isAccess: speedBeacon.value type: AccessType.value
[avoid_value_access_after_await] 2024-01-10T11:14:37.106021 BeaconValueVisitor{node: [Report{node: await Future<void>.delayed(k10ms);, type: NodeType.awaitExpr 
[avoid_value_access_after_await] 2024-01-10T11:14:37.106021 , Report{node: speedBeacon.value, type: NodeType.beaconExpr 
[avoid_value_access_after_await] 2024-01-10T11:14:37.106021 ]}
[avoid_value_access_after_await] 2024-01-10T11:14:37.463215 BeaconValueVisitor{node: []}
[avoid_value_access_after_await] 2024-01-10T11:14:37.463811 isAccess: ageBeacon.value type: AccessType.value
[avoid_value_access_after_await] 2024-01-10T11:14:37.464009 isAccess: ageBeacon.value type: AccessType.value
[avoid_value_access_after_await] 2024-01-10T11:14:37.464139 isAccess: ageBeacon.value type: AccessType.value
[avoid_value_access_after_await] 2024-01-10T11:14:37.464266 name: toFuture() - type : AccessType.toFuture
[avoid_value_access_after_await] 2024-01-10T11:14:37.464389 ageBeacon() type: AccessType.call
[avoid_value_access_after_await] 2024-01-10T11:14:37.464510 isAccess: ageBeacon.value type: AccessType.value
[avoid_value_access_after_await] 2024-01-10T11:14:37.464625 name: call() - type : AccessType.call
[avoid_value_access_after_await] 2024-01-10T11:14:37.464736 BeaconValueVisitor{node: [Report{node: ageBeacon.value, type: NodeType.beaconExpr 
[avoid_value_access_after_await] 2024-01-10T11:14:37.464736 , Report{node: ageBeacon.value, type: NodeType.beaconExpr 
[avoid_value_access_after_await] 2024-01-10T11:14:37.464736 , Report{node: ageBeacon.value, type: NodeType.beaconExpr 
[avoid_value_access_after_await] 2024-01-10T11:14:37.464736 , Report{node: final name = await nameFB.toFuture();, type: NodeType.awaitExpr 
[avoid_value_access_after_await] 2024-01-10T11:14:37.464736 , Report{node: nameFB.toFuture(), type: NodeType.beaconExpr 
[avoid_value_access_after_await] 2024-01-10T11:14:37.464736 , Report{node: await Future<void>.delayed(k10ms);, type: NodeType.awaitExpr 
[avoid_value_access_after_await] 2024-01-10T11:14:37.464736 , Report{node: await Future<void>.delayed(k10ms * ageBeacon() * ageBeacon.value * ageBeacon.call());, type: NodeType.awaitExpr 
[avoid_value_access_after_await] 2024-01-10T11:14:37.464736 , Report{node: ageBeacon(), type: NodeType.beaconExpr 
[avoid_value_access_after_await] 2024-01-10T11:14:37.464736 , Report{node: ageBeacon.value, type: NodeType.beaconExpr 
[avoid_value_access_after_await] 2024-01-10T11:14:37.464736 , Report{node: ageBeacon.call(), type: NodeType.beaconExpr 
[avoid_value_access_after_await] 2024-01-10T11:14:37.464736 ]}
[avoid_value_access_after_await] 2024-01-10T11:14:37.464890 isAccess: speedBeacon.value type: AccessType.value
[avoid_value_access_after_await] 2024-01-10T11:14:37.465010 BeaconValueVisitor{node: [Report{node: await Future<void>.delayed(k10ms);, type: NodeType.awaitExpr 
[avoid_value_access_after_await] 2024-01-10T11:14:37.465010 , Report{node: speedBeacon.value, type: NodeType.beaconExpr 
[avoid_value_access_after_await] 2024-01-10T11:14:37.465010 ]}
[avoid_value_access_after_await] 2024-01-10T11:14:39.141057 BeaconValueVisitor{node: []}
[avoid_value_access_after_await] 2024-01-10T11:14:39.141387 isAccess: ageBeacon.value type: AccessType.value
[avoid_value_access_after_await] 2024-01-10T11:14:39.141897 isAccess: ageBeacon.value type: AccessType.value
[avoid_value_access_after_await] 2024-01-10T11:14:39.141993 isAccess: ageBeacon.value type: AccessType.value
[avoid_value_access_after_await] 2024-01-10T11:14:39.142081 name: toFuture() - type : AccessType.toFuture
[avoid_value_access_after_await] 2024-01-10T11:14:39.142165 ageBeacon() type: AccessType.call
[avoid_value_access_after_await] 2024-01-10T11:14:39.142250 isAccess: ageBeacon.value type: AccessType.value
[avoid_value_access_after_await] 2024-01-10T11:14:39.142329 name: call() - type : AccessType.call
[avoid_value_access_after_await] 2024-01-10T11:14:39.142411 BeaconValueVisitor{node: [Report{node: ageBeacon.value, type: NodeType.beaconExpr 
[avoid_value_access_after_await] 2024-01-10T11:14:39.142411 , Report{node: ageBeacon.value, type: NodeType.beaconExpr 
[avoid_value_access_after_await] 2024-01-10T11:14:39.142411 , Report{node: ageBeacon.value, type: NodeType.beaconExpr 
[avoid_value_access_after_await] 2024-01-10T11:14:39.142411 , Report{node: final name = await nameFB.toFuture();, type: NodeType.awaitExpr 
[avoid_value_access_after_await] 2024-01-10T11:14:39.142411 , Report{node: nameFB.toFuture(), type: NodeType.beaconExpr 
[avoid_value_access_after_await] 2024-01-10T11:14:39.142411 , Report{node: await Future<void>.delayed(k10ms);, type: NodeType.awaitExpr 
[avoid_value_access_after_await] 2024-01-10T11:14:39.142411 , Report{node: await Future<void>.delayed(k10ms * ageBeacon() * ageBeacon.value * ageBeacon.call());, type: NodeType.awaitExpr 
[avoid_value_access_after_await] 2024-01-10T11:14:39.142411 , Report{node: ageBeacon(), type: NodeType.beaconExpr 
[avoid_value_access_after_await] 2024-01-10T11:14:39.142411 , Report{node: ageBeacon.value, type: NodeType.beaconExpr 
[avoid_value_access_after_await] 2024-01-10T11:14:39.142411 , Report{node: ageBeacon.call(), type: NodeType.beaconExpr 
[avoid_value_access_after_await] 2024-01-10T11:14:39.142411 ]}
[avoid_value_access_after_await] 2024-01-10T11:14:39.142500 isAccess: speedBeacon.value type: AccessType.value
[avoid_value_access_after_await] 2024-01-10T11:14:39.142571 BeaconValueVisitor{node: [Report{node: await Future<void>.delayed(k10ms);, type: NodeType.awaitExpr 
[avoid_value_access_after_await] 2024-01-10T11:14:39.142571 , Report{node: speedBeacon.value, type: NodeType.beaconExpr 
[avoid_value_access_after_await] 2024-01-10T11:14:39.142571 ]}
[avoid_value_access_after_await] 2024-01-10T11:15:32.338536 BeaconValueVisitor{node: []}
[avoid_value_access_after_await] 2024-01-10T11:15:32.338962 isAccess: ageBeacon.value type: AccessType.value
[avoid_value_access_after_await] 2024-01-10T11:15:32.339092 isAccess: ageBeacon.value type: AccessType.value
[avoid_value_access_after_await] 2024-01-10T11:15:32.339273 isAccess: ageBeacon.value type: AccessType.value
[avoid_value_access_after_await] 2024-01-10T11:15:32.339402 name: toFuture() - type : AccessType.toFuture
[avoid_value_access_after_await] 2024-01-10T11:15:32.339530 ageBeacon() type: AccessType.call
[avoid_value_access_after_await] 2024-01-10T11:15:32.339644 isAccess: ageBeacon.value type: AccessType.value
[avoid_value_access_after_await] 2024-01-10T11:15:32.339789 name: call() - type : AccessType.call
[avoid_value_access_after_await] 2024-01-10T11:15:32.339908 BeaconValueVisitor{node: [Report{node: ageBeacon.value, type: NodeType.beaconExpr 
[avoid_value_access_after_await] 2024-01-10T11:15:32.339908 , Report{node: ageBeacon.value, type: NodeType.beaconExpr 
[avoid_value_access_after_await] 2024-01-10T11:15:32.339908 , Report{node: ageBeacon.value, type: NodeType.beaconExpr 
[avoid_value_access_after_await] 2024-01-10T11:15:32.339908 , Report{node: final name = await nameFB.toFuture();, type: NodeType.awaitExpr 
[avoid_value_access_after_await] 2024-01-10T11:15:32.339908 , Report{node: nameFB.toFuture(), type: NodeType.beaconExpr 
[avoid_value_access_after_await] 2024-01-10T11:15:32.339908 , Report{node: await Future<void>.delayed(k10ms);, type: NodeType.awaitExpr 
[avoid_value_access_after_await] 2024-01-10T11:15:32.339908 , Report{node: await Future<void>.delayed(k10ms * ageBeacon() * ageBeacon.value * ageBeacon.call());, type: NodeType.awaitExpr 
[avoid_value_access_after_await] 2024-01-10T11:15:32.339908 , Report{node: ageBeacon(), type: NodeType.beaconExpr 
[avoid_value_access_after_await] 2024-01-10T11:15:32.339908 , Report{node: ageBeacon.value, type: NodeType.beaconExpr 
[avoid_value_access_after_await] 2024-01-10T11:15:32.339908 , Report{node: ageBeacon.call(), type: NodeType.beaconExpr 
[avoid_value_access_after_await] 2024-01-10T11:15:32.339908 ]}
[avoid_value_access_after_await] 2024-01-10T11:15:32.340029 isAccess: speedBeacon.value type: AccessType.value
[avoid_value_access_after_await] 2024-01-10T11:15:32.340138 BeaconValueVisitor{node: [Report{node: await Future<void>.delayed(k10ms);, type: NodeType.awaitExpr 
[avoid_value_access_after_await] 2024-01-10T11:15:32.340138 , Report{node: speedBeacon.value, type: NodeType.beaconExpr 
[avoid_value_access_after_await] 2024-01-10T11:15:32.340138 ]}
[avoid_value_access_after_await] 2024-01-10T11:16:20.619483 BeaconValueVisitor{node: []}
[avoid_value_access_after_await] 2024-01-10T11:16:20.619813 isAccess: ageBeacon.value type: AccessType.value
[avoid_value_access_after_await] 2024-01-10T11:16:20.619906 isAccess: ageBeacon.value type: AccessType.value
[avoid_value_access_after_await] 2024-01-10T11:16:20.619991 isAccess: ageBeacon.value type: AccessType.value
[avoid_value_access_after_await] 2024-01-10T11:16:20.620066 name: toFuture() - type : AccessType.toFuture
[avoid_value_access_after_await] 2024-01-10T11:16:20.620145 ageBeacon() type: AccessType.call
[avoid_value_access_after_await] 2024-01-10T11:16:20.620219 isAccess: ageBeacon.value type: AccessType.value
[avoid_value_access_after_await] 2024-01-10T11:16:20.620297 name: call() - type : AccessType.call
[avoid_value_access_after_await] 2024-01-10T11:16:20.620668 BeaconValueVisitor{node: [Report{node: ageBeacon.value, type: NodeType.beaconExpr 
[avoid_value_access_after_await] 2024-01-10T11:16:20.620668 , Report{node: ageBeacon.value, type: NodeType.beaconExpr 
[avoid_value_access_after_await] 2024-01-10T11:16:20.620668 , Report{node: ageBeacon.value, type: NodeType.beaconExpr 
[avoid_value_access_after_await] 2024-01-10T11:16:20.620668 , Report{node: final name = await nameFB.toFuture();, type: NodeType.awaitExpr 
[avoid_value_access_after_await] 2024-01-10T11:16:20.620668 , Report{node: nameFB.toFuture(), type: NodeType.beaconExpr 
[avoid_value_access_after_await] 2024-01-10T11:16:20.620668 , Report{node: await Future<void>.delayed(k10ms);, type: NodeType.awaitExpr 
[avoid_value_access_after_await] 2024-01-10T11:16:20.620668 , Report{node: await Future<void>.delayed(k10ms * ageBeacon() * ageBeacon.value * ageBeacon.call());, type: NodeType.awaitExpr 
[avoid_value_access_after_await] 2024-01-10T11:16:20.620668 , Report{node: ageBeacon(), type: NodeType.beaconExpr 
[avoid_value_access_after_await] 2024-01-10T11:16:20.620668 , Report{node: ageBeacon.value, type: NodeType.beaconExpr 
[avoid_value_access_after_await] 2024-01-10T11:16:20.620668 , Report{node: ageBeacon.call(), type: NodeType.beaconExpr 
[avoid_value_access_after_await] 2024-01-10T11:16:20.620668 ]}
[avoid_value_access_after_await] 2024-01-10T11:16:20.620796 isAccess: speedBeacon.value type: AccessType.value
[avoid_value_access_after_await] 2024-01-10T11:16:20.620872 BeaconValueVisitor{node: [Report{node: await Future<void>.delayed(k10ms);, type: NodeType.awaitExpr 
[avoid_value_access_after_await] 2024-01-10T11:16:20.620872 , Report{node: speedBeacon.value, type: NodeType.beaconExpr 
[avoid_value_access_after_await] 2024-01-10T11:16:20.620872 ]}
[avoid_value_access_after_await] 2024-01-10T11:16:26.675977 BeaconValueVisitor{node: []}
[avoid_value_access_after_await] 2024-01-10T11:16:26.676451 isAccess: ageBeacon.value type: AccessType.value
[avoid_value_access_after_await] 2024-01-10T11:16:26.676569 isAccess: ageBeacon.value type: AccessType.value
[avoid_value_access_after_await] 2024-01-10T11:16:26.676666 isAccess: ageBeacon.value type: AccessType.value
[avoid_value_access_after_await] 2024-01-10T11:16:26.676784 name: toFuture() - type : AccessType.toFuture
[avoid_value_access_after_await] 2024-01-10T11:16:26.676872 ageBeacon() type: AccessType.call
[avoid_value_access_after_await] 2024-01-10T11:16:26.676949 isAccess: ageBeacon.value type: AccessType.value
[avoid_value_access_after_await] 2024-01-10T11:16:26.677036 name: call() - type : AccessType.call
[avoid_value_access_after_await] 2024-01-10T11:16:26.677141 BeaconValueVisitor{node: [Report{node: ageBeacon.value, type: NodeType.beaconExpr 
[avoid_value_access_after_await] 2024-01-10T11:16:26.677141 , Report{node: ageBeacon.value, type: NodeType.beaconExpr 
[avoid_value_access_after_await] 2024-01-10T11:16:26.677141 , Report{node: ageBeacon.value, type: NodeType.beaconExpr 
[avoid_value_access_after_await] 2024-01-10T11:16:26.677141 , Report{node: final name = await nameFB.toFuture();, type: NodeType.awaitExpr 
[avoid_value_access_after_await] 2024-01-10T11:16:26.677141 , Report{node: nameFB.toFuture(), type: NodeType.beaconExpr 
[avoid_value_access_after_await] 2024-01-10T11:16:26.677141 , Report{node: await Future<void>.delayed(k10ms);, type: NodeType.awaitExpr 
[avoid_value_access_after_await] 2024-01-10T11:16:26.677141 , Report{node: await Future<void>.delayed(k10ms * ageBeacon() * ageBeacon.value * ageBeacon.call());, type: NodeType.awaitExpr 
[avoid_value_access_after_await] 2024-01-10T11:16:26.677141 , Report{node: ageBeacon(), type: NodeType.beaconExpr 
[avoid_value_access_after_await] 2024-01-10T11:16:26.677141 , Report{node: ageBeacon.value, type: NodeType.beaconExpr 
[avoid_value_access_after_await] 2024-01-10T11:16:26.677141 , Report{node: ageBeacon.call(), type: NodeType.beaconExpr 
[avoid_value_access_after_await] 2024-01-10T11:16:26.677141 ]}
[avoid_value_access_after_await] 2024-01-10T11:16:26.677238 isAccess: speedBeacon.value type: AccessType.value
[avoid_value_access_after_await] 2024-01-10T11:16:26.677321 BeaconValueVisitor{node: [Report{node: await Future<void>.delayed(k10ms);, type: NodeType.awaitExpr 
[avoid_value_access_after_await] 2024-01-10T11:16:26.677321 , Report{node: speedBeacon.value, type: NodeType.beaconExpr 
[avoid_value_access_after_await] 2024-01-10T11:16:26.677321 ]}
[avoid_value_access_after_await] 2024-01-10T11:17:42.192322 BeaconValueVisitor{node: []}
[avoid_value_access_after_await] 2024-01-10T11:17:42.192844 isAccess: ageBeacon.value type: AccessType.value
[avoid_value_access_after_await] 2024-01-10T11:17:42.192974 isAccess: ageBeacon.value type: AccessType.value
[avoid_value_access_after_await] 2024-01-10T11:17:42.193094 isAccess: ageBeacon.value type: AccessType.value
[avoid_value_access_after_await] 2024-01-10T11:17:42.193203 name: toFuture() - type : AccessType.toFuture
[avoid_value_access_after_await] 2024-01-10T11:17:42.193310 ageBeacon() type: AccessType.call
[avoid_value_access_after_await] 2024-01-10T11:17:42.193423 isAccess: ageBeacon.value type: AccessType.value
[avoid_value_access_after_await] 2024-01-10T11:17:42.193528 name: call() - type : AccessType.call
[avoid_value_access_after_await] 2024-01-10T11:17:42.194484 BeaconValueVisitor{node: [Report{node: ageBeacon.value, type: NodeType.beaconExpr 
[avoid_value_access_after_await] 2024-01-10T11:17:42.194484 , Report{node: ageBeacon.value, type: NodeType.beaconExpr 
[avoid_value_access_after_await] 2024-01-10T11:17:42.194484 , Report{node: ageBeacon.value, type: NodeType.beaconExpr 
[avoid_value_access_after_await] 2024-01-10T11:17:42.194484 , Report{node: final name = await nameFB.toFuture();, type: NodeType.awaitExpr 
[avoid_value_access_after_await] 2024-01-10T11:17:42.194484 , Report{node: nameFB.toFuture(), type: NodeType.beaconExpr 
[avoid_value_access_after_await] 2024-01-10T11:17:42.194484 , Report{node: await Future<void>.delayed(k10ms);, type: NodeType.awaitExpr 
[avoid_value_access_after_await] 2024-01-10T11:17:42.194484 , Report{node: await Future<void>.delayed(k10ms * ageBeacon() * ageBeacon.value * ageBeacon.call());, type: NodeType.awaitExpr 
[avoid_value_access_after_await] 2024-01-10T11:17:42.194484 , Report{node: ageBeacon(), type: NodeType.beaconExpr 
[avoid_value_access_after_await] 2024-01-10T11:17:42.194484 , Report{node: ageBeacon.value, type: NodeType.beaconExpr 
[avoid_value_access_after_await] 2024-01-10T11:17:42.194484 , Report{node: ageBeacon.call(), type: NodeType.beaconExpr 
[avoid_value_access_after_await] 2024-01-10T11:17:42.194484 ]}
[avoid_value_access_after_await] 2024-01-10T11:17:42.194695 isAccess: speedBeacon.value type: AccessType.value
[avoid_value_access_after_await] 2024-01-10T11:17:42.194827 BeaconValueVisitor{node: [Report{node: await Future<void>.delayed(k10ms);, type: NodeType.awaitExpr 
[avoid_value_access_after_await] 2024-01-10T11:17:42.194827 , Report{node: speedBeacon.value, type: NodeType.beaconExpr 
[avoid_value_access_after_await] 2024-01-10T11:17:42.194827 ]}
[avoid_value_access_after_await] 2024-01-10T11:17:45.896775 BeaconValueVisitor{node: []}
[avoid_value_access_after_await] 2024-01-10T11:17:45.897224 isAccess: ageBeacon.value type: AccessType.value
[avoid_value_access_after_await] 2024-01-10T11:17:45.897325 isAccess: ageBeacon.value type: AccessType.value
[avoid_value_access_after_await] 2024-01-10T11:17:45.897419 isAccess: ageBeacon.value type: AccessType.value
[avoid_value_access_after_await] 2024-01-10T11:17:45.897534 name: toFuture() - type : AccessType.toFuture
[avoid_value_access_after_await] 2024-01-10T11:17:45.897627 ageBeacon() type: AccessType.call
[avoid_value_access_after_await] 2024-01-10T11:17:45.897790 isAccess: ageBeacon.value type: AccessType.value
[avoid_value_access_after_await] 2024-01-10T11:17:45.897889 name: call() - type : AccessType.call
[avoid_value_access_after_await] 2024-01-10T11:17:45.897993 BeaconValueVisitor{node: [Report{node: ageBeacon.value, type: NodeType.beaconExpr 
[avoid_value_access_after_await] 2024-01-10T11:17:45.897993 , Report{node: ageBeacon.value, type: NodeType.beaconExpr 
[avoid_value_access_after_await] 2024-01-10T11:17:45.897993 , Report{node: ageBeacon.value, type: NodeType.beaconExpr 
[avoid_value_access_after_await] 2024-01-10T11:17:45.897993 , Report{node: final name = await nameFB.toFuture();, type: NodeType.awaitExpr 
[avoid_value_access_after_await] 2024-01-10T11:17:45.897993 , Report{node: nameFB.toFuture(), type: NodeType.beaconExpr 
[avoid_value_access_after_await] 2024-01-10T11:17:45.897993 , Report{node: await Future<void>.delayed(k10ms);, type: NodeType.awaitExpr 
[avoid_value_access_after_await] 2024-01-10T11:17:45.897993 , Report{node: await Future<void>.delayed(k10ms * ageBeacon() * ageBeacon.value * ageBeacon.call());, type: NodeType.awaitExpr 
[avoid_value_access_after_await] 2024-01-10T11:17:45.897993 , Report{node: ageBeacon(), type: NodeType.beaconExpr 
[avoid_value_access_after_await] 2024-01-10T11:17:45.897993 , Report{node: ageBeacon.value, type: NodeType.beaconExpr 
[avoid_value_access_after_await] 2024-01-10T11:17:45.897993 , Report{node: ageBeacon.call(), type: NodeType.beaconExpr 
[avoid_value_access_after_await] 2024-01-10T11:17:45.897993 ]}
[avoid_value_access_after_await] 2024-01-10T11:17:45.898109 isAccess: speedBeacon.value type: AccessType.value
[avoid_value_access_after_await] 2024-01-10T11:17:45.898232 BeaconValueVisitor{node: [Report{node: await Future<void>.delayed(k10ms);, type: NodeType.awaitExpr 
[avoid_value_access_after_await] 2024-01-10T11:17:45.898232 , Report{node: speedBeacon.value, type: NodeType.beaconExpr 
[avoid_value_access_after_await] 2024-01-10T11:17:45.898232 ]}
[avoid_value_access_after_await] 2024-01-10T11:18:00.975987 BeaconValueVisitor{node: []}
[avoid_value_access_after_await] 2024-01-10T11:18:00.976367 isAccess: ageBeacon.value type: AccessType.value
[avoid_value_access_after_await] 2024-01-10T11:18:00.976485 isAccess: ageBeacon.value type: AccessType.value
[avoid_value_access_after_await] 2024-01-10T11:18:00.976606 isAccess: ageBeacon.value type: AccessType.value
[avoid_value_access_after_await] 2024-01-10T11:18:00.976735 name: toFuture() - type : AccessType.toFuture
[avoid_value_access_after_await] 2024-01-10T11:18:00.976846 ageBeacon() type: AccessType.call
[avoid_value_access_after_await] 2024-01-10T11:18:00.976953 isAccess: ageBeacon.value type: AccessType.value
[avoid_value_access_after_await] 2024-01-10T11:18:00.977072 name: call() - type : AccessType.call
[avoid_value_access_after_await] 2024-01-10T11:18:00.977188 BeaconValueVisitor{node: [Report{node: ageBeacon.value, type: NodeType.beaconExpr 
[avoid_value_access_after_await] 2024-01-10T11:18:00.977188 , Report{node: ageBeacon.value, type: NodeType.beaconExpr 
[avoid_value_access_after_await] 2024-01-10T11:18:00.977188 , Report{node: ageBeacon.value, type: NodeType.beaconExpr 
[avoid_value_access_after_await] 2024-01-10T11:18:00.977188 , Report{node: final name = await nameFB.toFuture();, type: NodeType.awaitExpr 
[avoid_value_access_after_await] 2024-01-10T11:18:00.977188 , Report{node: nameFB.toFuture(), type: NodeType.beaconExpr 
[avoid_value_access_after_await] 2024-01-10T11:18:00.977188 , Report{node: await Future<void>.delayed(k10ms);, type: NodeType.awaitExpr 
[avoid_value_access_after_await] 2024-01-10T11:18:00.977188 , Report{node: await Future<void>.delayed(k10ms * ageBeacon() * ageBeacon.value * ageBeacon.call());, type: NodeType.awaitExpr 
[avoid_value_access_after_await] 2024-01-10T11:18:00.977188 , Report{node: ageBeacon(), type: NodeType.beaconExpr 
[avoid_value_access_after_await] 2024-01-10T11:18:00.977188 , Report{node: ageBeacon.value, type: NodeType.beaconExpr 
[avoid_value_access_after_await] 2024-01-10T11:18:00.977188 , Report{node: ageBeacon.call(), type: NodeType.beaconExpr 
[avoid_value_access_after_await] 2024-01-10T11:18:00.977188 ]}
[avoid_value_access_after_await] 2024-01-10T11:18:00.977321 isAccess: speedBeacon.value type: AccessType.value
[avoid_value_access_after_await] 2024-01-10T11:18:00.977430 BeaconValueVisitor{node: [Report{node: await Future<void>.delayed(k10ms);, type: NodeType.awaitExpr 
[avoid_value_access_after_await] 2024-01-10T11:18:00.977430 , Report{node: speedBeacon.value, type: NodeType.beaconExpr 
[avoid_value_access_after_await] 2024-01-10T11:18:00.977430 ]}
[avoid_value_access_after_await] 2024-01-10T11:18:15.973943 BeaconValueVisitor{node: []}
[avoid_value_access_after_await] 2024-01-10T11:18:15.974258 isAccess: ageBeacon.value type: AccessType.value
[avoid_value_access_after_await] 2024-01-10T11:18:15.974348 isAccess: ageBeacon.value type: AccessType.value
[avoid_value_access_after_await] 2024-01-10T11:18:15.974440 isAccess: ageBeacon.value type: AccessType.value
[avoid_value_access_after_await] 2024-01-10T11:18:15.974612 name: toFuture() - type : AccessType.toFuture
[avoid_value_access_after_await] 2024-01-10T11:18:15.974708 ageBeacon() type: AccessType.call
[avoid_value_access_after_await] 2024-01-10T11:18:15.974889 isAccess: ageBeacon.value type: AccessType.value
[avoid_value_access_after_await] 2024-01-10T11:18:15.974994 name: call() - type : AccessType.call
[avoid_value_access_after_await] 2024-01-10T11:18:15.975463 BeaconValueVisitor{node: [Report{node: ageBeacon.value, type: NodeType.beaconExpr 
[avoid_value_access_after_await] 2024-01-10T11:18:15.975463 , Report{node: ageBeacon.value, type: NodeType.beaconExpr 
[avoid_value_access_after_await] 2024-01-10T11:18:15.975463 , Report{node: ageBeacon.value, type: NodeType.beaconExpr 
[avoid_value_access_after_await] 2024-01-10T11:18:15.975463 , Report{node: final name = await nameFB.toFuture();, type: NodeType.awaitExpr 
[avoid_value_access_after_await] 2024-01-10T11:18:15.975463 , Report{node: nameFB.toFuture(), type: NodeType.beaconExpr 
[avoid_value_access_after_await] 2024-01-10T11:18:15.975463 , Report{node: await Future<void>.delayed(k10ms);, type: NodeType.awaitExpr 
[avoid_value_access_after_await] 2024-01-10T11:18:15.975463 , Report{node: await Future<void>.delayed(k10ms * ageBeacon() * ageBeacon.value * ageBeacon.call());, type: NodeType.awaitExpr 
[avoid_value_access_after_await] 2024-01-10T11:18:15.975463 , Report{node: ageBeacon(), type: NodeType.beaconExpr 
[avoid_value_access_after_await] 2024-01-10T11:18:15.975463 , Report{node: ageBeacon.value, type: NodeType.beaconExpr 
[avoid_value_access_after_await] 2024-01-10T11:18:15.975463 , Report{node: ageBeacon.call(), type: NodeType.beaconExpr 
[avoid_value_access_after_await] 2024-01-10T11:18:15.975463 ]}
[avoid_value_access_after_await] 2024-01-10T11:18:15.975574 isAccess: speedBeacon.value type: AccessType.value
[avoid_value_access_after_await] 2024-01-10T11:18:15.975658 BeaconValueVisitor{node: [Report{node: await Future<void>.delayed(k10ms);, type: NodeType.awaitExpr 
[avoid_value_access_after_await] 2024-01-10T11:18:15.975658 , Report{node: speedBeacon.value, type: NodeType.beaconExpr 
[avoid_value_access_after_await] 2024-01-10T11:18:15.975658 ]}
[avoid_value_access_after_await] 2024-01-10T11:18:25.579040 BeaconValueVisitor{node: []}
[avoid_value_access_after_await] 2024-01-10T11:18:25.579587 isAccess: ageBeacon.value type: AccessType.value
[avoid_value_access_after_await] 2024-01-10T11:18:25.579691 isAccess: ageBeacon.value type: AccessType.value
[avoid_value_access_after_await] 2024-01-10T11:18:25.579777 isAccess: ageBeacon.value type: AccessType.value
[avoid_value_access_after_await] 2024-01-10T11:18:25.579867 name: toFuture() - type : AccessType.toFuture
[avoid_value_access_after_await] 2024-01-10T11:18:25.579954 ageBeacon() type: AccessType.call
[avoid_value_access_after_await] 2024-01-10T11:18:25.580025 isAccess: ageBeacon.value type: AccessType.value
[avoid_value_access_after_await] 2024-01-10T11:18:25.580105 name: call() - type : AccessType.call
[avoid_value_access_after_await] 2024-01-10T11:18:25.580573 BeaconValueVisitor{node: [Report{node: ageBeacon.value, type: NodeType.beaconExpr 
[avoid_value_access_after_await] 2024-01-10T11:18:25.580573 , Report{node: ageBeacon.value, type: NodeType.beaconExpr 
[avoid_value_access_after_await] 2024-01-10T11:18:25.580573 , Report{node: ageBeacon.value, type: NodeType.beaconExpr 
[avoid_value_access_after_await] 2024-01-10T11:18:25.580573 , Report{node: final name = await nameFB.toFuture();, type: NodeType.awaitExpr 
[avoid_value_access_after_await] 2024-01-10T11:18:25.580573 , Report{node: nameFB.toFuture(), type: NodeType.beaconExpr 
[avoid_value_access_after_await] 2024-01-10T11:18:25.580573 , Report{node: await Future<void>.delayed(k10ms);, type: NodeType.awaitExpr 
[avoid_value_access_after_await] 2024-01-10T11:18:25.580573 , Report{node: await Future<void>.delayed(k10ms * ageBeacon() * ageBeacon.value * ageBeacon.call());, type: NodeType.awaitExpr 
[avoid_value_access_after_await] 2024-01-10T11:18:25.580573 , Report{node: ageBeacon(), type: NodeType.beaconExpr 
[avoid_value_access_after_await] 2024-01-10T11:18:25.580573 , Report{node: ageBeacon.value, type: NodeType.beaconExpr 
[avoid_value_access_after_await] 2024-01-10T11:18:25.580573 , Report{node: ageBeacon.call(), type: NodeType.beaconExpr 
[avoid_value_access_after_await] 2024-01-10T11:18:25.580573 ]}
[avoid_value_access_after_await] 2024-01-10T11:18:25.580673 isAccess: speedBeacon.value type: AccessType.value
[avoid_value_access_after_await] 2024-01-10T11:18:25.580853 BeaconValueVisitor{node: [Report{node: await Future<void>.delayed(k10ms);, type: NodeType.awaitExpr 
[avoid_value_access_after_await] 2024-01-10T11:18:25.580853 , Report{node: speedBeacon.value, type: NodeType.beaconExpr 
[avoid_value_access_after_await] 2024-01-10T11:18:25.580853 ]}
[avoid_value_access_after_await] 2024-01-10T11:18:28.341789 BeaconValueVisitor{node: []}
[avoid_value_access_after_await] 2024-01-10T11:18:28.342232 isAccess: ageBeacon.value type: AccessType.value
[avoid_value_access_after_await] 2024-01-10T11:18:28.342423 isAccess: ageBeacon.value type: AccessType.value
[avoid_value_access_after_await] 2024-01-10T11:18:28.342585 isAccess: ageBeacon.value type: AccessType.value
[avoid_value_access_after_await] 2024-01-10T11:18:28.342746 name: toFuture() - type : AccessType.toFuture
[avoid_value_access_after_await] 2024-01-10T11:18:28.342835 ageBeacon() type: AccessType.call
[avoid_value_access_after_await] 2024-01-10T11:18:28.342918 isAccess: ageBeacon.value type: AccessType.value
[avoid_value_access_after_await] 2024-01-10T11:18:28.343005 name: call() - type : AccessType.call
[avoid_value_access_after_await] 2024-01-10T11:18:28.343429 BeaconValueVisitor{node: [Report{node: ageBeacon.value, type: NodeType.beaconExpr 
[avoid_value_access_after_await] 2024-01-10T11:18:28.343429 , Report{node: ageBeacon.value, type: NodeType.beaconExpr 
[avoid_value_access_after_await] 2024-01-10T11:18:28.343429 , Report{node: ageBeacon.value, type: NodeType.beaconExpr 
[avoid_value_access_after_await] 2024-01-10T11:18:28.343429 , Report{node: final name = await nameFB.toFuture();, type: NodeType.awaitExpr 
[avoid_value_access_after_await] 2024-01-10T11:18:28.343429 , Report{node: nameFB.toFuture(), type: NodeType.beaconExpr 
[avoid_value_access_after_await] 2024-01-10T11:18:28.343429 , Report{node: await Future<void>.delayed(k10ms);, type: NodeType.awaitExpr 
[avoid_value_access_after_await] 2024-01-10T11:18:28.343429 , Report{node: await Future<void>.delayed(k10ms * ageBeacon() * ageBeacon.value * ageBeacon.call());, type: NodeType.awaitExpr 
[avoid_value_access_after_await] 2024-01-10T11:18:28.343429 , Report{node: ageBeacon(), type: NodeType.beaconExpr 
[avoid_value_access_after_await] 2024-01-10T11:18:28.343429 , Report{node: ageBeacon.value, type: NodeType.beaconExpr 
[avoid_value_access_after_await] 2024-01-10T11:18:28.343429 , Report{node: ageBeacon.call(), type: NodeType.beaconExpr 
[avoid_value_access_after_await] 2024-01-10T11:18:28.343429 ]}
[avoid_value_access_after_await] 2024-01-10T11:18:28.343518 isAccess: speedBeacon.value type: AccessType.value
[avoid_value_access_after_await] 2024-01-10T11:18:28.343587 BeaconValueVisitor{node: [Report{node: await Future<void>.delayed(k10ms);, type: NodeType.awaitExpr 
[avoid_value_access_after_await] 2024-01-10T11:18:28.343587 , Report{node: speedBeacon.value, type: NodeType.beaconExpr 
[avoid_value_access_after_await] 2024-01-10T11:18:28.343587 ]}
The Dart VM service is listening on http://127.0.0.1:45361/MwZLA6NKCs0=/
The Dart DevTools debugger and profiler is available at: http://127.0.0.1:45361/MwZLA6NKCs0=/devtools?uri=ws://127.0.0.1:45361/MwZLA6NKCs0=/ws
[avoid_value_access_after_await] 2024-01-10T11:19:27.930356 BeaconValueVisitor{node: []}
[avoid_value_access_after_await] 2024-01-10T11:19:27.930783 isAccess: ageBeacon.value type: AccessType.value
[avoid_value_access_after_await] 2024-01-10T11:19:27.930881 isAccess: ageBeacon.value type: AccessType.value
[avoid_value_access_after_await] 2024-01-10T11:19:27.930976 isAccess: ageBeacon.value type: AccessType.value
[avoid_value_access_after_await] 2024-01-10T11:19:27.931061 name: toFuture() - type : AccessType.toFuture
[avoid_value_access_after_await] 2024-01-10T11:19:27.931152 ageBeacon() type: AccessType.call
[avoid_value_access_after_await] 2024-01-10T11:19:27.931234 isAccess: ageBeacon.value type: AccessType.value
[avoid_value_access_after_await] 2024-01-10T11:19:27.931313 name: call() - type : AccessType.call
[avoid_value_access_after_await] 2024-01-10T11:19:27.933951 BeaconValueVisitor{node: [Report{node: ageBeacon.value, type: NodeType.beaconExpr 
[avoid_value_access_after_await] 2024-01-10T11:19:27.933951 , Report{node: ageBeacon.value, type: NodeType.beaconExpr 
[avoid_value_access_after_await] 2024-01-10T11:19:27.933951 , Report{node: ageBeacon.value, type: NodeType.beaconExpr 
[avoid_value_access_after_await] 2024-01-10T11:19:27.933951 , Report{node: final name = await nameFB.toFuture();, type: NodeType.awaitExpr 
[avoid_value_access_after_await] 2024-01-10T11:19:27.933951 , Report{node: nameFB.toFuture(), type: NodeType.beaconExpr 
[avoid_value_access_after_await] 2024-01-10T11:19:27.933951 , Report{node: await Future<void>.delayed(k10ms);, type: NodeType.awaitExpr 
[avoid_value_access_after_await] 2024-01-10T11:19:27.933951 , Report{node: await Future<void>.delayed(k10ms * ageBeacon() * ageBeacon.value * ageBeacon.call());, type: NodeType.awaitExpr 
[avoid_value_access_after_await] 2024-01-10T11:19:27.933951 , Report{node: ageBeacon(), type: NodeType.beaconExpr 
[avoid_value_access_after_await] 2024-01-10T11:19:27.933951 , Report{node: ageBeacon.value, type: NodeType.beaconExpr 
[avoid_value_access_after_await] 2024-01-10T11:19:27.933951 , Report{node: ageBeacon.call(), type: NodeType.beaconExpr 
[avoid_value_access_after_await] 2024-01-10T11:19:27.933951 ]}
[avoid_value_access_after_await] 2024-01-10T11:19:27.934198 isAccess: speedBeacon.value type: AccessType.value
[avoid_value_access_after_await] 2024-01-10T11:19:27.934293 BeaconValueVisitor{node: [Report{node: await Future<void>.delayed(k10ms);, type: NodeType.awaitExpr 
[avoid_value_access_after_await] 2024-01-10T11:19:27.934293 , Report{node: speedBeacon.value, type: NodeType.beaconExpr 
[avoid_value_access_after_await] 2024-01-10T11:19:27.934293 ]}
The Dart VM service is listening on http://127.0.0.1:33529/8PFJleWWhUY=/
The Dart DevTools debugger and profiler is available at: http://127.0.0.1:33529/8PFJleWWhUY=/devtools?uri=ws://127.0.0.1:33529/8PFJleWWhUY=/ws
The Dart VM service is listening on http://127.0.0.1:45391/attS27vfHIM=/
The Dart DevTools debugger and profiler is available at: http://127.0.0.1:45391/attS27vfHIM=/devtools?uri=ws://127.0.0.1:45391/attS27vfHIM=/ws
The Dart VM service is listening on http://127.0.0.1:41483/VmFCXxXopaE=/
The Dart DevTools debugger and profiler is available at: http://127.0.0.1:41483/VmFCXxXopaE=/devtools?uri=ws://127.0.0.1:41483/VmFCXxXopaE=/ws
[avoid_value_access_after_await] 2024-01-10T11:20:24.462509 BeaconValueVisitor{node: []}
[avoid_value_access_after_await] 2024-01-10T11:20:24.463012 isAccess: ageBeacon.value type: AccessType.value
[avoid_value_access_after_await] 2024-01-10T11:20:24.463117 isAccess: ageBeacon.value type: AccessType.value
[avoid_value_access_after_await] 2024-01-10T11:20:24.463200 isAccess: ageBeacon.value type: AccessType.value
[avoid_value_access_after_await] 2024-01-10T11:20:24.463283 name: toFuture() - type : AccessType.toFuture
[avoid_value_access_after_await] 2024-01-10T11:20:24.463360 ageBeacon() type: AccessType.call
[avoid_value_access_after_await] 2024-01-10T11:20:24.463438 isAccess: ageBeacon.value type: AccessType.value
[avoid_value_access_after_await] 2024-01-10T11:20:24.463514 name: call() - type : AccessType.call
[avoid_value_access_after_await] 2024-01-10T11:20:24.468322 BeaconValueVisitor{node: [Report{node: ageBeacon.value, type: NodeType.beaconExpr 
[avoid_value_access_after_await] 2024-01-10T11:20:24.468322 , Report{node: ageBeacon.value, type: NodeType.beaconExpr 
[avoid_value_access_after_await] 2024-01-10T11:20:24.468322 , Report{node: ageBeacon.value, type: NodeType.beaconExpr 
[avoid_value_access_after_await] 2024-01-10T11:20:24.468322 , Report{node: final name = await nameFB.toFuture();, type: NodeType.awaitExpr 
[avoid_value_access_after_await] 2024-01-10T11:20:24.468322 , Report{node: nameFB.toFuture(), type: NodeType.beaconExpr 
[avoid_value_access_after_await] 2024-01-10T11:20:24.468322 , Report{node: await Future<void>.delayed(k10ms);, type: NodeType.awaitExpr 
[avoid_value_access_after_await] 2024-01-10T11:20:24.468322 , Report{node: await Future<void>.delayed(k10ms * ageBeacon() * ageBeacon.value * ageBeacon.call());, type: NodeType.awaitExpr 
[avoid_value_access_after_await] 2024-01-10T11:20:24.468322 , Report{node: ageBeacon(), type: NodeType.beaconExpr 
[avoid_value_access_after_await] 2024-01-10T11:20:24.468322 , Report{node: ageBeacon.value, type: NodeType.beaconExpr 
[avoid_value_access_after_await] 2024-01-10T11:20:24.468322 , Report{node: ageBeacon.call(), type: NodeType.beaconExpr 
[avoid_value_access_after_await] 2024-01-10T11:20:24.468322 ]}
[avoid_value_access_after_await] 2024-01-10T11:20:24.468536 isAccess: speedBeacon.value type: AccessType.value
[avoid_value_access_after_await] 2024-01-10T11:20:24.468633 BeaconValueVisitor{node: [Report{node: await Future<void>.delayed(k10ms);, type: NodeType.awaitExpr 
[avoid_value_access_after_await] 2024-01-10T11:20:24.468633 , Report{node: speedBeacon.value, type: NodeType.beaconExpr 
[avoid_value_access_after_await] 2024-01-10T11:20:24.468633 ]}
The Dart VM service is listening on http://127.0.0.1:42553/DVHkfE4kEXE=/
The Dart DevTools debugger and profiler is available at: http://127.0.0.1:42553/DVHkfE4kEXE=/devtools?uri=ws://127.0.0.1:42553/DVHkfE4kEXE=/ws
The Dart VM service is listening on http://127.0.0.1:41003/ImSWFrnIVFk=/
The Dart DevTools debugger and profiler is available at: http://127.0.0.1:41003/ImSWFrnIVFk=/devtools?uri=ws://127.0.0.1:41003/ImSWFrnIVFk=/ws
[avoid_value_access_after_await] 2024-01-10T11:21:15.670448 BeaconValueVisitor{node: []}
[avoid_value_access_after_await] 2024-01-10T11:21:15.670934 isAccess: ageBeacon.value type: AccessType.value
[avoid_value_access_after_await] 2024-01-10T11:21:15.671056 isAccess: ageBeacon.value type: AccessType.value
[avoid_value_access_after_await] 2024-01-10T11:21:15.671176 isAccess: ageBeacon.value type: AccessType.value
[avoid_value_access_after_await] 2024-01-10T11:21:15.671303 name: toFuture() - type : AccessType.toFuture
[avoid_value_access_after_await] 2024-01-10T11:21:15.671434 ageBeacon() type: AccessType.call
[avoid_value_access_after_await] 2024-01-10T11:21:15.671561 isAccess: ageBeacon.value type: AccessType.value
[avoid_value_access_after_await] 2024-01-10T11:21:15.671681 name: call() - type : AccessType.call
[avoid_value_access_after_await] 2024-01-10T11:21:15.671801 BeaconValueVisitor{node: [Report{node: ageBeacon.value, type: NodeType.beaconExpr 
[avoid_value_access_after_await] 2024-01-10T11:21:15.671801 , Report{node: ageBeacon.value, type: NodeType.beaconExpr 
[avoid_value_access_after_await] 2024-01-10T11:21:15.671801 , Report{node: ageBeacon.value, type: NodeType.beaconExpr 
[avoid_value_access_after_await] 2024-01-10T11:21:15.671801 , Report{node: final name = await nameFB.toFuture();, type: NodeType.awaitExpr 
[avoid_value_access_after_await] 2024-01-10T11:21:15.671801 , Report{node: nameFB.toFuture(), type: NodeType.beaconExpr 
[avoid_value_access_after_await] 2024-01-10T11:21:15.671801 , Report{node: await Future<void>.delayed(k10ms);, type: NodeType.awaitExpr 
[avoid_value_access_after_await] 2024-01-10T11:21:15.671801 , Report{node: await Future<void>.delayed(k10ms * ageBeacon() * ageBeacon.value * ageBeacon.call());, type: NodeType.awaitExpr 
[avoid_value_access_after_await] 2024-01-10T11:21:15.671801 , Report{node: ageBeacon(), type: NodeType.beaconExpr 
[avoid_value_access_after_await] 2024-01-10T11:21:15.671801 , Report{node: ageBeacon.value, type: NodeType.beaconExpr 
[avoid_value_access_after_await] 2024-01-10T11:21:15.671801 , Report{node: ageBeacon.call(), type: NodeType.beaconExpr 
[avoid_value_access_after_await] 2024-01-10T11:21:15.671801 ]}
[avoid_value_access_after_await] 2024-01-10T11:21:15.671930 isAccess: speedBeacon.value type: AccessType.value
[avoid_value_access_after_await] 2024-01-10T11:21:15.672046 BeaconValueVisitor{node: [Report{node: await Future<void>.delayed(k10ms);, type: NodeType.awaitExpr 
[avoid_value_access_after_await] 2024-01-10T11:21:15.672046 , Report{node: speedBeacon.value, type: NodeType.beaconExpr 
[avoid_value_access_after_await] 2024-01-10T11:21:15.672046 ]}
The Dart VM service is listening on http://127.0.0.1:37805/rBod1m4tSaY=/
The Dart DevTools debugger and profiler is available at: http://127.0.0.1:37805/rBod1m4tSaY=/devtools?uri=ws://127.0.0.1:37805/rBod1m4tSaY=/ws
The Dart VM service is listening on http://127.0.0.1:35735/9WIobf6eA_w=/
The Dart DevTools debugger and profiler is available at: http://127.0.0.1:35735/9WIobf6eA_w=/devtools?uri=ws://127.0.0.1:35735/9WIobf6eA_w=/ws
[avoid_value_access_after_await] 2024-01-10T11:22:14.407014 BeaconValueVisitor{node: []}
[avoid_value_access_after_await] 2024-01-10T11:22:14.407420 isAccess: ageBeacon.value type: AccessType.value
[avoid_value_access_after_await] 2024-01-10T11:22:14.407517 isAccess: ageBeacon.value type: AccessType.value
[avoid_value_access_after_await] 2024-01-10T11:22:14.407608 isAccess: ageBeacon.value type: AccessType.value
[avoid_value_access_after_await] 2024-01-10T11:22:14.407692 name: toFuture() - type : AccessType.toFuture
[avoid_value_access_after_await] 2024-01-10T11:22:14.407788 ageBeacon() type: AccessType.call
[avoid_value_access_after_await] 2024-01-10T11:22:14.407874 isAccess: ageBeacon.value type: AccessType.value
[avoid_value_access_after_await] 2024-01-10T11:22:14.407956 name: call() - type : AccessType.call
[avoid_value_access_after_await] 2024-01-10T11:22:14.408062 BeaconValueVisitor{node: [Report{node: ageBeacon.value, type: NodeType.beaconExpr 
[avoid_value_access_after_await] 2024-01-10T11:22:14.408062 , Report{node: ageBeacon.value, type: NodeType.beaconExpr 
[avoid_value_access_after_await] 2024-01-10T11:22:14.408062 , Report{node: ageBeacon.value, type: NodeType.beaconExpr 
[avoid_value_access_after_await] 2024-01-10T11:22:14.408062 , Report{node: final name = await nameFB.toFuture();, type: NodeType.awaitExpr 
[avoid_value_access_after_await] 2024-01-10T11:22:14.408062 , Report{node: nameFB.toFuture(), type: NodeType.beaconExpr 
[avoid_value_access_after_await] 2024-01-10T11:22:14.408062 , Report{node: await Future<void>.delayed(k10ms);, type: NodeType.awaitExpr 
[avoid_value_access_after_await] 2024-01-10T11:22:14.408062 , Report{node: await Future<void>.delayed(k10ms * ageBeacon() * ageBeacon.value * ageBeacon.call());, type: NodeType.awaitExpr 
[avoid_value_access_after_await] 2024-01-10T11:22:14.408062 , Report{node: ageBeacon(), type: NodeType.beaconExpr 
[avoid_value_access_after_await] 2024-01-10T11:22:14.408062 , Report{node: ageBeacon.value, type: NodeType.beaconExpr 
[avoid_value_access_after_await] 2024-01-10T11:22:14.408062 , Report{node: ageBeacon.call(), type: NodeType.beaconExpr 
[avoid_value_access_after_await] 2024-01-10T11:22:14.408062 ]}
[avoid_value_access_after_await] 2024-01-10T11:22:14.408158 isAccess: speedBeacon.value type: AccessType.value
[avoid_value_access_after_await] 2024-01-10T11:22:14.408244 BeaconValueVisitor{node: [Report{node: await Future<void>.delayed(k10ms);, type: NodeType.awaitExpr 
[avoid_value_access_after_await] 2024-01-10T11:22:14.408244 , Report{node: speedBeacon.value, type: NodeType.beaconExpr 
[avoid_value_access_after_await] 2024-01-10T11:22:14.408244 ]}
